🔍 Loading AnnData from: /dcs07/hongkai/data/harry/result/1M-scBloodNL/data/1M-scBloodNL_V2.h5ad

📦 Basic Info
  - Shape (cells × genes): 625677 × 23320
  - Layers: []
  - obs columns: ['cell_type', 'cell_type_lowerres', 'assignment', 'timepoint', 'stimulation_conditions', 'id', 'seq_date', 'seq_lane', 'seq_batch']
  - var columns: []
  - obsm keys: []
  - varm keys: []

============================================================
🔎 Unique values for column 'cell_type' (found in adata.obs):
============================================================
  - n_unique: 20
     1. 'B'
     2. 'NK'
     3. 'NKbright'
     4. 'NKdim'
     5. 'hemapoietic stem'
     6. 'mDC'
     7. 'megakaryocyte'
     8. 'memory CD4T'
     9. 'memory CD8T'
    10. 'mono 1'
    11. 'mono 2'
    12. 'mono 4'
    13. 'naive CD4T'
    14. 'naive CD8T'
    15. 'pDC'
    16. 'plasma B'
    17. 'reg CD4T'
    18. 'th1 CD4T'
    19. 'th2 CD4T'
    20. 'unknown'

🔎 Inspecting .X matrix:
  - storage type: sparse (csr_matrix)
  - dtype: int32
  - .X nonzeros: 601726919 / 14590787640 (4.1240% nonzero, 95.8760% zero)
  - value type: integer — values appear integer-like (no fractional parts)
  - contains NaN: False
  - min value: 1
  - max value: 10588

🧮 Example .X values (first 10 cells × 10 genes):
[[0 0 0 0 0 0 0 0 0 0]
 [0 0 0 0 0 0 0 0 0 0]
 [0 0 0 0 0 0 0 0 0 0]
 [0 0 0 0 0 0 0 0 0 1]
 [0 0 0 0 0 0 0 0 0 0]
 [0 0 0 0 0 0 0 0 0 0]
 [0 0 0 0 0 0 0 0 0 1]
 [0 0 0 0 0 0 0 0 0 0]
 [0 0 0 0 0 0 0 0 0 0]
 [0 0 0 0 0 0 0 0 0 1]]

🧫 Example cell names:
  - AAACCTGAGAAACCAT_180920_lane1
  - AAACCTGAGTAGCCGA_180920_lane1
  - AAACCTGCAATCTACG_180920_lane1
  - AAACCTGCACATCCAA_180920_lane1
  - AAACCTGCAGCTCGAC_180920_lane1
  - AAACCTGCAGGTCGTC_180920_lane1
  - AAACCTGCAGTGACAG_180920_lane1
  - AAACCTGCATCACAAC_180920_lane1
  - AAACCTGCATCAGTCA_180920_lane1
  - AAACCTGCATCGGTTA_180920_lane1

============================================================
📋 Detailed obs columns inspection:
============================================================

    [cell_type]
      dtype: category
      non-NA: 625677/625677 (100.0%)
      unique: 20
      top values:
        'naive CD4T': 169820 (27.1%)
        'memory CD8T': 87776 (14.0%)
        'mono 1': 74480 (11.9%)
        'naive CD8T': 60512 (9.7%)
        'NKdim': 50499 (8.1%)

    [cell_type_lowerres]
      dtype: category
      non-NA: 625677/625677 (100.0%)
      unique: 10
      top values:
        'CD4T': 228333 (36.5%)
        'CD8T': 148288 (23.7%)
        'monocyte': 104238 (16.7%)
        'NK': 93707 (15.0%)
        'unknown': 17000 (2.7%)

    [assignment]
      dtype: category
      non-NA: 625677/625677 (100.0%)
      unique: 88
      top values:
        '3.0': 14527 (2.3%)
        '92.0': 11289 (1.8%)
        '89.0': 10593 (1.7%)
        '21.0': 10483 (1.7%)
        '12.0': 10327 (1.7%)

    [timepoint]
      dtype: int32
      non-NA: 625677/625677 (100.0%)
      unique: 3
      min: 0, max: 24, mean: 11.5611
      example values: [np.int32(3), np.int32(24), np.int32(0)]

    [stimulation_conditions]
      dtype: category
      non-NA: 625677/625677 (100.0%)
      unique: 4
      top values:
        'PA': 199519 (31.9%)
        'CA': 176549 (28.2%)
        'MTB': 171678 (27.4%)
        'UT': 77931 (12.5%)

    [id]
      dtype: category
      non-NA: 625677/625677 (100.0%)
      unique: 550
      top values:
        'D3_PA_3h': 6271 (1.0%)
        'D44_CA_3h': 3218 (0.5%)
        'D31_MTB_3h': 3177 (0.5%)
        'D91_MTB_3h': 2818 (0.5%)
        'D21_PA_3h': 2627 (0.4%)

    [seq_date]
      dtype: category
      non-NA: 625677/625677 (100.0%)
      unique: 32
      top values:
        '181218': 41329 (6.6%)
        '181219': 30134 (4.8%)
        '181003': 29391 (4.7%)
        '181213': 26338 (4.2%)
        '180920': 22645 (3.6%)

    [seq_lane]
      dtype: category
      non-NA: 625677/625677 (100.0%)
      unique: 4
      top values:
        'lane1': 291735 (46.6%)
        'lane2': 284355 (45.4%)
        'lane3': 39785 (6.4%)
        'lane4': 9802 (1.6%)

    [seq_batch]
      dtype: category
      non-NA: 625677/625677 (100.0%)
      unique: 69
      top values:
        '181218_lane3': 12572 (2.0%)
        '180927_lane1': 11872 (1.9%)
        '180920_lane2': 11872 (1.9%)
        '181017_lane1': 11610 (1.9%)
        '180928_lane1': 11601 (1.9%)

📋 Example obs rows (head 10):
                                 cell_type  ...     seq_batch
barcode                                     ...              
AAACCTGAGAAACCAT_180920_lane1  memory CD8T  ...  180920_lane1
AAACCTGAGTAGCCGA_180920_lane1       mono 2  ...  180920_lane1
AAACCTGCAATCTACG_180920_lane1           NK  ...  180920_lane1
AAACCTGCACATCCAA_180920_lane1  memory CD8T  ...  180920_lane1
AAACCTGCAGCTCGAC_180920_lane1           NK  ...  180920_lane1
AAACCTGCAGGTCGTC_180920_lane1  memory CD8T  ...  180920_lane1
AAACCTGCAGTGACAG_180920_lane1   naive CD4T  ...  180920_lane1
AAACCTGCATCACAAC_180920_lane1       mono 1  ...  180920_lane1
AAACCTGCATCAGTCA_180920_lane1  memory CD8T  ...  180920_lane1
AAACCTGCATCGGTTA_180920_lane1   naive CD8T  ...  180920_lane1

[10 rows x 9 columns]

============================================================
🧬 Detailed var columns inspection:
============================================================

🧬 Example var rows (head 10):
Empty DataFrame
Columns: []
Index: [RP11-34P13.7, AL627309.1, AP006222.2, RP4-669L17.10, RP11-206L10.3, RP11-206L10.2, RP11-206L10.9, LINC00115, FAM41C, NOC2L]
