/users/hjiang/.conda/envs/hongkai/lib/python3.10/site-packages/louvain/__init__.py:54: UserWarning: pkg_resources is deprecated as an API. See https://setuptools.pypa.io/en/latest/pkg_resources.html. The pkg_resources package is slated for removal as early as 2025-11-30. Refrain from using this package or pin to Setuptools<81.
  from pkg_resources import get_distribution, DistributionNotFound
/users/hjiang/.conda/envs/hongkai/lib/python3.10/site-packages/ignite/handlers/checkpoint.py:16: DeprecationWarning: `TorchScript` support for functional optimizers is deprecated and will be removed in a future PyTorch release. Consider using the `torch.compile` optimizer instead.
  from torch.distributed.optim import ZeroRedundancyOptimizer
... storing 'sample' as categorical
... storing 'original_sample' as categorical
2026-05-18 23:57:35,726 - harmonypy - INFO - Computing initial centroids with sklearn.KMeans...
INFO:harmonypy:Computing initial centroids with sklearn.KMeans...
2026-05-18 23:57:35,737 - harmonypy - INFO - sklearn.KMeans initialization complete.
INFO:harmonypy:sklearn.KMeans initialization complete.
2026-05-18 23:57:35,737 - harmonypy - INFO - Iteration 1 of 30
INFO:harmonypy:Iteration 1 of 30
2026-05-18 23:57:35,746 - harmonypy - INFO - Converged after 1 iteration
INFO:harmonypy:Converged after 1 iteration
/users/hjiang/GenoDistance/code/sample_clustering/proportion_test.py:225: UserWarning: Both sample_to_clade and group_col provided. Using group_col and ignoring sample_to_clade.
  warnings.warn(
INFO:fontTools.subset:maxp pruned
INFO:fontTools.subset:cmap pruned
INFO:fontTools.subset:kern dropped
INFO:fontTools.subset:post pruned
INFO:fontTools.subset:FFTM dropped
INFO:fontTools.subset:GPOS pruned
INFO:fontTools.subset:GSUB pruned
INFO:fontTools.subset:glyf pruned
INFO:fontTools.subset:Added gid0 to subset
INFO:fontTools.subset:Added first four glyphs to subset
INFO:fontTools.subset:Closing glyph list over 'MATH': 49 glyphs before
INFO:fontTools.subset:Glyph names: ['.notdef', '.null', 'C', 'P', 'R', 'S', 'V', 'a', 'b', 'bracketleft', 'bracketright', 'c', 'd', 'e', 'eight', 'emdash', 'five', 'four', 'g', 'h', 'hyphen', 'i', 'l', 'm', 'n', 'nine', 'nonmarkingreturn', 'o', 'one', 'p', 'parenleft', 'parenright', 'period', 'r', 's', 'seven', 'six', 'space', 't', 'three', 'two', 'twosuperior', 'u', 'underscore', 'v', 'w', 'x', 'y', 'zero']
INFO:fontTools.subset:Glyph IDs:   [0, 1, 2, 3, 11, 12, 16, 17, 19, 20, 21, 22, 23, 24, 25, 26, 27, 28, 38, 51, 53, 54, 57, 62, 64, 66, 68, 69, 70, 71, 72, 74, 75, 76, 79, 80, 81, 82, 83, 85, 86, 87, 88, 89, 90, 91, 92, 116, 2806]
INFO:fontTools.subset:Closed glyph list over 'MATH': 61 glyphs after
INFO:fontTools.subset:Glyph names: ['.notdef', '.null', 'C', 'P', 'R', 'S', 'V', 'a', 'b', 'bracketleft', 'bracketright', 'c', 'd', 'e', 'eight', 'emdash', 'five', 'four', 'g', 'h', 'hyphen', 'i', 'l', 'm', 'n', 'nine', 'nonmarkingreturn', 'o', 'one', 'p', 'parenleft', 'parenright', 'period', 'r', 's', 'seven', 'six', 'space', 't', 'three', 'two', 'twosuperior', 'u', 'underscore', 'uni239B', 'uni239C', 'uni239D', 'uni239E', 'uni239F', 'uni23A0', 'uni23A1', 'uni23A2', 'uni23A3', 'uni23A4', 'uni23A5', 'uni23A6', 'v', 'w', 'x', 'y', 'zero']
INFO:fontTools.subset:Glyph IDs:   [0, 1, 2, 3, 11, 12, 16, 17, 19, 20, 21, 22, 23, 24, 25, 26, 27, 28, 38, 51, 53, 54, 57, 62, 64, 66, 68, 69, 70, 71, 72, 74, 75, 76, 79, 80, 81, 82, 83, 85, 86, 87, 88, 89, 90, 91, 92, 116, 2806, 3506, 3507, 3508, 3509, 3510, 3511, 3512, 3513, 3514, 3515, 3516, 3517]
INFO:fontTools.subset:Closing glyph list over 'GSUB': 61 glyphs before
INFO:fontTools.subset:Glyph names: ['.notdef', '.null', 'C', 'P', 'R', 'S', 'V', 'a', 'b', 'bracketleft', 'bracketright', 'c', 'd', 'e', 'eight', 'emdash', 'five', 'four', 'g', 'h', 'hyphen', 'i', 'l', 'm', 'n', 'nine', 'nonmarkingreturn', 'o', 'one', 'p', 'parenleft', 'parenright', 'period', 'r', 's', 'seven', 'six', 'space', 't', 'three', 'two', 'twosuperior', 'u', 'underscore', 'uni239B', 'uni239C', 'uni239D', 'uni239E', 'uni239F', 'uni23A0', 'uni23A1', 'uni23A2', 'uni23A3', 'uni23A4', 'uni23A5', 'uni23A6', 'v', 'w', 'x', 'y', 'zero']
INFO:fontTools.subset:Glyph IDs:   [0, 1, 2, 3, 11, 12, 16, 17, 19, 20, 21, 22, 23, 24, 25, 26, 27, 28, 38, 51, 53, 54, 57, 62, 64, 66, 68, 69, 70, 71, 72, 74, 75, 76, 79, 80, 81, 82, 83, 85, 86, 87, 88, 89, 90, 91, 92, 116, 2806, 3506, 3507, 3508, 3509, 3510, 3511, 3512, 3513, 3514, 3515, 3516, 3517]
INFO:fontTools.subset:Closed glyph list over 'GSUB': 61 glyphs after
INFO:fontTools.subset:Glyph names: ['.notdef', '.null', 'C', 'P', 'R', 'S', 'V', 'a', 'b', 'bracketleft', 'bracketright', 'c', 'd', 'e', 'eight', 'emdash', 'five', 'four', 'g', 'h', 'hyphen', 'i', 'l', 'm', 'n', 'nine', 'nonmarkingreturn', 'o', 'one', 'p', 'parenleft', 'parenright', 'period', 'r', 's', 'seven', 'six', 'space', 't', 'three', 'two', 'twosuperior', 'u', 'underscore', 'uni239B', 'uni239C', 'uni239D', 'uni239E', 'uni239F', 'uni23A0', 'uni23A1', 'uni23A2', 'uni23A3', 'uni23A4', 'uni23A5', 'uni23A6', 'v', 'w', 'x', 'y', 'zero']
INFO:fontTools.subset:Glyph IDs:   [0, 1, 2, 3, 11, 12, 16, 17, 19, 20, 21, 22, 23, 24, 25, 26, 27, 28, 38, 51, 53, 54, 57, 62, 64, 66, 68, 69, 70, 71, 72, 74, 75, 76, 79, 80, 81, 82, 83, 85, 86, 87, 88, 89, 90, 91, 92, 116, 2806, 3506, 3507, 3508, 3509, 3510, 3511, 3512, 3513, 3514, 3515, 3516, 3517]
INFO:fontTools.subset:Closing glyph list over 'glyf': 61 glyphs before
INFO:fontTools.subset:Glyph names: ['.notdef', '.null', 'C', 'P', 'R', 'S', 'V', 'a', 'b', 'bracketleft', 'bracketright', 'c', 'd', 'e', 'eight', 'emdash', 'five', 'four', 'g', 'h', 'hyphen', 'i', 'l', 'm', 'n', 'nine', 'nonmarkingreturn', 'o', 'one', 'p', 'parenleft', 'parenright', 'period', 'r', 's', 'seven', 'six', 'space', 't', 'three', 'two', 'twosuperior', 'u', 'underscore', 'uni239B', 'uni239C', 'uni239D', 'uni239E', 'uni239F', 'uni23A0', 'uni23A1', 'uni23A2', 'uni23A3', 'uni23A4', 'uni23A5', 'uni23A6', 'v', 'w', 'x', 'y', 'zero']
INFO:fontTools.subset:Glyph IDs:   [0, 1, 2, 3, 11, 12, 16, 17, 19, 20, 21, 22, 23, 24, 25, 26, 27, 28, 38, 51, 53, 54, 57, 62, 64, 66, 68, 69, 70, 71, 72, 74, 75, 76, 79, 80, 81, 82, 83, 85, 86, 87, 88, 89, 90, 91, 92, 116, 2806, 3506, 3507, 3508, 3509, 3510, 3511, 3512, 3513, 3514, 3515, 3516, 3517]
INFO:fontTools.subset:Closed glyph list over 'glyf': 61 glyphs after
INFO:fontTools.subset:Glyph names: ['.notdef', '.null', 'C', 'P', 'R', 'S', 'V', 'a', 'b', 'bracketleft', 'bracketright', 'c', 'd', 'e', 'eight', 'emdash', 'five', 'four', 'g', 'h', 'hyphen', 'i', 'l', 'm', 'n', 'nine', 'nonmarkingreturn', 'o', 'one', 'p', 'parenleft', 'parenright', 'period', 'r', 's', 'seven', 'six', 'space', 't', 'three', 'two', 'twosuperior', 'u', 'underscore', 'uni239B', 'uni239C', 'uni239D', 'uni239E', 'uni239F', 'uni23A0', 'uni23A1', 'uni23A2', 'uni23A3', 'uni23A4', 'uni23A5', 'uni23A6', 'v', 'w', 'x', 'y', 'zero']
INFO:fontTools.subset:Glyph IDs:   [0, 1, 2, 3, 11, 12, 16, 17, 19, 20, 21, 22, 23, 24, 25, 26, 27, 28, 38, 51, 53, 54, 57, 62, 64, 66, 68, 69, 70, 71, 72, 74, 75, 76, 79, 80, 81, 82, 83, 85, 86, 87, 88, 89, 90, 91, 92, 116, 2806, 3506, 3507, 3508, 3509, 3510, 3511, 3512, 3513, 3514, 3515, 3516, 3517]
INFO:fontTools.subset:Retaining 61 glyphs
INFO:fontTools.subset:head subsetting not needed
INFO:fontTools.subset:hhea subsetting not needed
INFO:fontTools.subset:maxp subsetting not needed
INFO:fontTools.subset:OS/2 subsetting not needed
INFO:fontTools.subset:hmtx subsetted
INFO:fontTools.subset:cmap subsetted
INFO:fontTools.subset:fpgm subsetting not needed
INFO:fontTools.subset:prep subsetting not needed
INFO:fontTools.subset:cvt  subsetting not needed
INFO:fontTools.subset:loca subsetting not needed
INFO:fontTools.subset:post subsetted
INFO:fontTools.subset:gasp subsetting not needed
INFO:fontTools.subset:MATH subsetted
INFO:fontTools.subset:GDEF subsetted
INFO:fontTools.subset:GPOS subsetted
INFO:fontTools.subset:GSUB subsetted
INFO:fontTools.subset:name subsetting not needed
INFO:fontTools.subset:glyf subsetted
INFO:fontTools.subset:head pruned
INFO:fontTools.subset:OS/2 Unicode ranges pruned: [0, 1, 31]
INFO:fontTools.subset:OS/2 CodePage ranges pruned: [0]
INFO:fontTools.subset:glyf pruned
INFO:fontTools.subset:GDEF pruned
INFO:fontTools.subset:GPOS pruned
INFO:fontTools.subset:GSUB pruned
INFO:fontTools.subset:name pruned
INFO:fontTools.subset:maxp pruned
INFO:fontTools.subset:cmap pruned
INFO:fontTools.subset:kern dropped
INFO:fontTools.subset:post pruned
INFO:fontTools.subset:FFTM dropped
INFO:fontTools.subset:GPOS pruned
INFO:fontTools.subset:GSUB pruned
INFO:fontTools.subset:glyf pruned
INFO:fontTools.subset:Added gid0 to subset
INFO:fontTools.subset:Added first four glyphs to subset
INFO:fontTools.subset:Closing glyph list over 'MATH': 46 glyphs before
INFO:fontTools.subset:Glyph names: ['.notdef', '.null', 'C', 'D', 'F', 'P', 'R', 'S', 'T', 'a', 'arrowboth', 'b', 'c', 'e', 'eight', 'equal', 'five', 'four', 'g', 'h', 'i', 'l', 'm', 'minus', 'n', 'nine', 'nonmarkingreturn', 'o', 'one', 'p', 'period', 'r', 's', 'seven', 'six', 'space', 't', 'three', 'two', 'twosuperior', 'u', 'underscore', 'v', 'w', 'y', 'zero']
INFO:fontTools.subset:Glyph IDs:   [0, 1, 2, 3, 17, 19, 20, 21, 22, 23, 24, 25, 26, 27, 28, 32, 38, 39, 41, 51, 53, 54, 55, 66, 68, 69, 70, 72, 74, 75, 76, 79, 80, 81, 82, 83, 85, 86, 87, 88, 89, 90, 92, 116, 3102, 3228]
INFO:fontTools.subset:Closed glyph list over 'MATH': 47 glyphs after
INFO:fontTools.subset:Glyph names: ['.notdef', '.null', 'C', 'D', 'F', 'P', 'R', 'S', 'T', 'a', 'arrowboth', 'b', 'c', 'e', 'eight', 'equal', 'five', 'four', 'g', 'h', 'i', 'l', 'm', 'minus', 'n', 'nine', 'nonmarkingreturn', 'o', 'one', 'p', 'period', 'r', 's', 'seven', 'six', 'space', 't', 'three', 'two', 'twosuperior', 'u', 'underscore', 'uni27F7', 'v', 'w', 'y', 'zero']
INFO:fontTools.subset:Glyph IDs:   [0, 1, 2, 3, 17, 19, 20, 21, 22, 23, 24, 25, 26, 27, 28, 32, 38, 39, 41, 51, 53, 54, 55, 66, 68, 69, 70, 72, 74, 75, 76, 79, 80, 81, 82, 83, 85, 86, 87, 88, 89, 90, 92, 116, 3102, 3228, 4178]
INFO:fontTools.subset:Closing glyph list over 'GSUB': 47 glyphs before
INFO:fontTools.subset:Glyph names: ['.notdef', '.null', 'C', 'D', 'F', 'P', 'R', 'S', 'T', 'a', 'arrowboth', 'b', 'c', 'e', 'eight', 'equal', 'five', 'four', 'g', 'h', 'i', 'l', 'm', 'minus', 'n', 'nine', 'nonmarkingreturn', 'o', 'one', 'p', 'period', 'r', 's', 'seven', 'six', 'space', 't', 'three', 'two', 'twosuperior', 'u', 'underscore', 'uni27F7', 'v', 'w', 'y', 'zero']
INFO:fontTools.subset:Glyph IDs:   [0, 1, 2, 3, 17, 19, 20, 21, 22, 23, 24, 25, 26, 27, 28, 32, 38, 39, 41, 51, 53, 54, 55, 66, 68, 69, 70, 72, 74, 75, 76, 79, 80, 81, 82, 83, 85, 86, 87, 88, 89, 90, 92, 116, 3102, 3228, 4178]
INFO:fontTools.subset:Closed glyph list over 'GSUB': 47 glyphs after
INFO:fontTools.subset:Glyph names: ['.notdef', '.null', 'C', 'D', 'F', 'P', 'R', 'S', 'T', 'a', 'arrowboth', 'b', 'c', 'e', 'eight', 'equal', 'five', 'four', 'g', 'h', 'i', 'l', 'm', 'minus', 'n', 'nine', 'nonmarkingreturn', 'o', 'one', 'p', 'period', 'r', 's', 'seven', 'six', 'space', 't', 'three', 'two', 'twosuperior', 'u', 'underscore', 'uni27F7', 'v', 'w', 'y', 'zero']
INFO:fontTools.subset:Glyph IDs:   [0, 1, 2, 3, 17, 19, 20, 21, 22, 23, 24, 25, 26, 27, 28, 32, 38, 39, 41, 51, 53, 54, 55, 66, 68, 69, 70, 72, 74, 75, 76, 79, 80, 81, 82, 83, 85, 86, 87, 88, 89, 90, 92, 116, 3102, 3228, 4178]
INFO:fontTools.subset:Closing glyph list over 'glyf': 47 glyphs before
INFO:fontTools.subset:Glyph names: ['.notdef', '.null', 'C', 'D', 'F', 'P', 'R', 'S', 'T', 'a', 'arrowboth', 'b', 'c', 'e', 'eight', 'equal', 'five', 'four', 'g', 'h', 'i', 'l', 'm', 'minus', 'n', 'nine', 'nonmarkingreturn', 'o', 'one', 'p', 'period', 'r', 's', 'seven', 'six', 'space', 't', 'three', 'two', 'twosuperior', 'u', 'underscore', 'uni27F7', 'v', 'w', 'y', 'zero']
INFO:fontTools.subset:Glyph IDs:   [0, 1, 2, 3, 17, 19, 20, 21, 22, 23, 24, 25, 26, 27, 28, 32, 38, 39, 41, 51, 53, 54, 55, 66, 68, 69, 70, 72, 74, 75, 76, 79, 80, 81, 82, 83, 85, 86, 87, 88, 89, 90, 92, 116, 3102, 3228, 4178]
INFO:fontTools.subset:Closed glyph list over 'glyf': 47 glyphs after
INFO:fontTools.subset:Glyph names: ['.notdef', '.null', 'C', 'D', 'F', 'P', 'R', 'S', 'T', 'a', 'arrowboth', 'b', 'c', 'e', 'eight', 'equal', 'five', 'four', 'g', 'h', 'i', 'l', 'm', 'minus', 'n', 'nine', 'nonmarkingreturn', 'o', 'one', 'p', 'period', 'r', 's', 'seven', 'six', 'space', 't', 'three', 'two', 'twosuperior', 'u', 'underscore', 'uni27F7', 'v', 'w', 'y', 'zero']
INFO:fontTools.subset:Glyph IDs:   [0, 1, 2, 3, 17, 19, 20, 21, 22, 23, 24, 25, 26, 27, 28, 32, 38, 39, 41, 51, 53, 54, 55, 66, 68, 69, 70, 72, 74, 75, 76, 79, 80, 81, 82, 83, 85, 86, 87, 88, 89, 90, 92, 116, 3102, 3228, 4178]
INFO:fontTools.subset:Retaining 47 glyphs
INFO:fontTools.subset:head subsetting not needed
INFO:fontTools.subset:hhea subsetting not needed
INFO:fontTools.subset:maxp subsetting not needed
INFO:fontTools.subset:OS/2 subsetting not needed
INFO:fontTools.subset:hmtx subsetted
INFO:fontTools.subset:cmap subsetted
INFO:fontTools.subset:fpgm subsetting not needed
INFO:fontTools.subset:prep subsetting not needed
INFO:fontTools.subset:cvt  subsetting not needed
INFO:fontTools.subset:loca subsetting not needed
INFO:fontTools.subset:post subsetted
INFO:fontTools.subset:gasp subsetting not needed
INFO:fontTools.subset:MATH subsetted
INFO:fontTools.subset:GDEF subsetted
INFO:fontTools.subset:GPOS subsetted
INFO:fontTools.subset:GSUB subsetted
INFO:fontTools.subset:name subsetting not needed
INFO:fontTools.subset:glyf subsetted
INFO:fontTools.subset:head pruned
INFO:fontTools.subset:OS/2 Unicode ranges pruned: [0, 1, 37, 38]
INFO:fontTools.subset:OS/2 CodePage ranges pruned: [0]
INFO:fontTools.subset:glyf pruned
INFO:fontTools.subset:GDEF pruned
INFO:fontTools.subset:GPOS pruned
INFO:fontTools.subset:GSUB pruned
INFO:fontTools.subset:name pruned
