/users/hjiang/.conda/envs/hongkai/lib/python3.10/site-packages/louvain/__init__.py:54: UserWarning: pkg_resources is deprecated as an API. See https://setuptools.pypa.io/en/latest/pkg_resources.html. The pkg_resources package is slated for removal as early as 2025-11-30. Refrain from using this package or pin to Setuptools<81.
  from pkg_resources import get_distribution, DistributionNotFound
[02:34:22] loading heart h5ad (memory-safe)
[02:34:23]   shape=(198091, 1)
[02:34:23] dual harmony GPU
[xglue-harmony] X_glue_harmony: harmonize on 198,091 cells × 50 dims, batch_keys=['batch', 'sample'], use_gpu=True, max_iter=50
Use GPU mode.
	Initialization is completed.
	Completed 1 / 50 iteration(s).
	Completed 2 / 50 iteration(s).
	Completed 3 / 50 iteration(s).
	Completed 4 / 50 iteration(s).
	Completed 5 / 50 iteration(s).
	Completed 6 / 50 iteration(s).
	Completed 7 / 50 iteration(s).
	Completed 8 / 50 iteration(s).
	Completed 9 / 50 iteration(s).
	Completed 10 / 50 iteration(s).
	Completed 11 / 50 iteration(s).
	Completed 12 / 50 iteration(s).
Reach convergence after 12 iteration(s).
[xglue-harmony] X_glue_harmony: done in 74.3s
[xglue-harmony] X_glue_harmony_nosamp: harmonize on 198,091 cells × 50 dims, batch_keys=['batch'], use_gpu=True, max_iter=50
Use GPU mode.
	Initialization is completed.
	Completed 1 / 50 iteration(s).
	Completed 2 / 50 iteration(s).
	Completed 3 / 50 iteration(s).
	Completed 4 / 50 iteration(s).
	Completed 5 / 50 iteration(s).
	Completed 6 / 50 iteration(s).
	Completed 7 / 50 iteration(s).
	Completed 8 / 50 iteration(s).
	Completed 9 / 50 iteration(s).
	Completed 10 / 50 iteration(s).
	Completed 11 / 50 iteration(s).
	Completed 12 / 50 iteration(s).
Reach convergence after 12 iteration(s).
[xglue-harmony] X_glue_harmony_nosamp: done in 64.0s
[02:36:41] cell typing on X_glue_harmony
[02:36:41]   cell-typing: RNA=98,653  ATAC=99,438  use_rep=X_glue_harmony
[02:37:41]     Leiden done in 59.5s; K_c=11
[02:37:41]     Step 2: GPU KNN (4 builds via torch)
[02:37:42]       rna→rna  0.7s
[02:37:43]       rna→atac 0.7s
[02:37:43]       atac→rna 0.7s
[02:37:44]       atac→atac 0.7s
[02:37:44]     Step 3: Jaccard-SNN + label transfer
[Modality Balance] All clusters balanced, no filtering needed
[02:37:45]     K_c post-filter: 11
[02:37:45] default-α SE → /dcs07/hongkai/data/harry/result/test/test_run_multiomics/heart/sampledisco_default_v2
[sample_embedding] cluster_emb=X_glue_harmony, cmd_emb=X_glue_harmony_nosamp
[sample_embedding] 44 units; 198091 cells; cluster_emb dim=50
[A1] coarse cell-type composition: shape=(44, 11)
[A2] MiniBatchKMeans K=120...
[A2] shape=(44, 120)
[A3] MiniBatchKMeans K=300...
[A3] shape=(44, 300)
[CMD] LOO displacement on cmd_emb...
  [CMD] shape=(44, 88)
[sample_embedding] weights=[5.222, 1.581, 1.0, 0.6] (n_blocks=4)
  [batch correction] 2 groups (group only)
2026-05-17 02:38:07,207 - harmonypy - INFO - Computing initial centroids with sklearn.KMeans...
2026-05-17 02:38:07,221 - harmonypy - INFO - sklearn.KMeans initialization complete.
2026-05-17 02:38:07,222 - harmonypy - INFO - Iteration 1 of 30
2026-05-17 02:38:07,231 - harmonypy - INFO - Iteration 2 of 30
2026-05-17 02:38:07,242 - harmonypy - INFO - Iteration 3 of 30
2026-05-17 02:38:07,251 - harmonypy - INFO - Iteration 4 of 30
2026-05-17 02:38:07,260 - harmonypy - INFO - Converged after 4 iterations
[sample_embedding] wrote /dcs07/hongkai/data/harry/result/test/test_run_multiomics/heart/sampledisco_default_v2/sample_embedding/sample_embedding.csv
[sample_embedding] done in 28.59s; shape=(44, 10)
[02:38:14] autotuned SE (grouping_col=None) → /dcs07/hongkai/data/harry/result/test/test_run_multiomics/heart/sampledisco_tuned_v2
[autotune.build_blocks] K-means K=120...
[autotune.build_blocks] K-means K=300...
[autotune] search=bayesian  scoring=auto  scope=alpha_only  bounds=(0.1, 10.0)
2026-05-17 02:38:35,474 - harmonypy - INFO - Computing initial centroids with sklearn.KMeans...
2026-05-17 02:38:35,488 - harmonypy - INFO - sklearn.KMeans initialization complete.
2026-05-17 02:38:35,489 - harmonypy - INFO - Iteration 1 of 30
2026-05-17 02:38:35,499 - harmonypy - INFO - Converged after 1 iteration
2026-05-17 02:38:35,511 - harmonypy - INFO - Computing initial centroids with sklearn.KMeans...
2026-05-17 02:38:35,524 - harmonypy - INFO - sklearn.KMeans initialization complete.
2026-05-17 02:38:35,525 - harmonypy - INFO - Iteration 1 of 30
2026-05-17 02:38:35,534 - harmonypy - INFO - Iteration 2 of 30
2026-05-17 02:38:35,546 - harmonypy - INFO - Iteration 3 of 30
2026-05-17 02:38:35,555 - harmonypy - INFO - Iteration 4 of 30
2026-05-17 02:38:35,563 - harmonypy - INFO - Converged after 4 iterations
2026-05-17 02:38:35,575 - harmonypy - INFO - Computing initial centroids with sklearn.KMeans...
2026-05-17 02:38:35,588 - harmonypy - INFO - sklearn.KMeans initialization complete.
2026-05-17 02:38:35,589 - harmonypy - INFO - Iteration 1 of 30
2026-05-17 02:38:35,604 - harmonypy - INFO - Iteration 2 of 30
2026-05-17 02:38:35,614 - harmonypy - INFO - Iteration 3 of 30
2026-05-17 02:38:35,626 - harmonypy - INFO - Converged after 3 iterations
2026-05-17 02:38:35,637 - harmonypy - INFO - Computing initial centroids with sklearn.KMeans...
2026-05-17 02:38:35,649 - harmonypy - INFO - sklearn.KMeans initialization complete.
2026-05-17 02:38:35,649 - harmonypy - INFO - Iteration 1 of 30
2026-05-17 02:38:35,674 - harmonypy - INFO - Iteration 2 of 30
2026-05-17 02:38:35,683 - harmonypy - INFO - Iteration 3 of 30
2026-05-17 02:38:35,692 - harmonypy - INFO - Converged after 3 iterations
2026-05-17 02:38:35,702 - harmonypy - INFO - Computing initial centroids with sklearn.KMeans...
2026-05-17 02:38:35,715 - harmonypy - INFO - sklearn.KMeans initialization complete.
2026-05-17 02:38:35,716 - harmonypy - INFO - Iteration 1 of 30
2026-05-17 02:38:35,725 - harmonypy - INFO - Converged after 1 iteration
/users/hjiang/.conda/envs/hongkai/lib/python3.10/site-packages/sklearn/gaussian_process/kernels.py:440: ConvergenceWarning: The optimal value found for dimension 0 of parameter k2__noise_level is close to the specified lower bound 1e-05. Decreasing the bound and calling fit again may find a better value.
  warnings.warn(
2026-05-17 02:38:35,780 - harmonypy - INFO - Computing initial centroids with sklearn.KMeans...
2026-05-17 02:38:35,793 - harmonypy - INFO - sklearn.KMeans initialization complete.
2026-05-17 02:38:35,793 - harmonypy - INFO - Iteration 1 of 30
2026-05-17 02:38:35,825 - harmonypy - INFO - Iteration 2 of 30
2026-05-17 02:38:35,833 - harmonypy - INFO - Iteration 3 of 30
2026-05-17 02:38:35,842 - harmonypy - INFO - Iteration 4 of 30
2026-05-17 02:38:35,851 - harmonypy - INFO - Converged after 4 iterations
2026-05-17 02:38:35,896 - harmonypy - INFO - Computing initial centroids with sklearn.KMeans...
2026-05-17 02:38:35,911 - harmonypy - INFO - sklearn.KMeans initialization complete.
2026-05-17 02:38:35,911 - harmonypy - INFO - Iteration 1 of 30
2026-05-17 02:38:35,938 - harmonypy - INFO - Iteration 2 of 30
2026-05-17 02:38:35,948 - harmonypy - INFO - Iteration 3 of 30
2026-05-17 02:38:35,958 - harmonypy - INFO - Converged after 3 iterations
2026-05-17 02:38:36,074 - harmonypy - INFO - Computing initial centroids with sklearn.KMeans...
2026-05-17 02:38:36,086 - harmonypy - INFO - sklearn.KMeans initialization complete.
2026-05-17 02:38:36,087 - harmonypy - INFO - Iteration 1 of 30
2026-05-17 02:38:36,098 - harmonypy - INFO - Iteration 2 of 30
2026-05-17 02:38:36,109 - harmonypy - INFO - Iteration 3 of 30
2026-05-17 02:38:36,118 - harmonypy - INFO - Iteration 4 of 30
2026-05-17 02:38:36,126 - harmonypy - INFO - Converged after 4 iterations
2026-05-17 02:38:36,232 - harmonypy - INFO - Computing initial centroids with sklearn.KMeans...
2026-05-17 02:38:36,246 - harmonypy - INFO - sklearn.KMeans initialization complete.
2026-05-17 02:38:36,247 - harmonypy - INFO - Iteration 1 of 30
2026-05-17 02:38:36,282 - harmonypy - INFO - Iteration 2 of 30
2026-05-17 02:38:36,304 - harmonypy - INFO - Iteration 3 of 30
2026-05-17 02:38:36,314 - harmonypy - INFO - Iteration 4 of 30
2026-05-17 02:38:36,323 - harmonypy - INFO - Iteration 5 of 30
2026-05-17 02:38:36,332 - harmonypy - INFO - Converged after 5 iterations
2026-05-17 02:38:36,461 - harmonypy - INFO - Computing initial centroids with sklearn.KMeans...
2026-05-17 02:38:36,476 - harmonypy - INFO - sklearn.KMeans initialization complete.
2026-05-17 02:38:36,477 - harmonypy - INFO - Iteration 1 of 30
2026-05-17 02:38:36,517 - harmonypy - INFO - Iteration 2 of 30
2026-05-17 02:38:36,526 - harmonypy - INFO - Iteration 3 of 30
2026-05-17 02:38:36,538 - harmonypy - INFO - Converged after 3 iterations
2026-05-17 02:38:36,695 - harmonypy - INFO - Computing initial centroids with sklearn.KMeans...
2026-05-17 02:38:36,709 - harmonypy - INFO - sklearn.KMeans initialization complete.
2026-05-17 02:38:36,710 - harmonypy - INFO - Iteration 1 of 30
2026-05-17 02:38:36,720 - harmonypy - INFO - Iteration 2 of 30
2026-05-17 02:38:36,730 - harmonypy - INFO - Iteration 3 of 30
2026-05-17 02:38:36,740 - harmonypy - INFO - Iteration 4 of 30
2026-05-17 02:38:36,749 - harmonypy - INFO - Converged after 4 iterations
2026-05-17 02:38:36,849 - harmonypy - INFO - Computing initial centroids with sklearn.KMeans...
2026-05-17 02:38:36,863 - harmonypy - INFO - sklearn.KMeans initialization complete.
2026-05-17 02:38:36,863 - harmonypy - INFO - Iteration 1 of 30
2026-05-17 02:38:36,873 - harmonypy - INFO - Iteration 2 of 30
2026-05-17 02:38:36,884 - harmonypy - INFO - Iteration 3 of 30
2026-05-17 02:38:36,909 - harmonypy - INFO - Iteration 4 of 30
2026-05-17 02:38:36,923 - harmonypy - INFO - Iteration 5 of 30
2026-05-17 02:38:36,942 - harmonypy - INFO - Converged after 5 iterations
2026-05-17 02:38:37,038 - harmonypy - INFO - Computing initial centroids with sklearn.KMeans...
2026-05-17 02:38:37,052 - harmonypy - INFO - sklearn.KMeans initialization complete.
2026-05-17 02:38:37,053 - harmonypy - INFO - Iteration 1 of 30
2026-05-17 02:38:37,078 - harmonypy - INFO - Iteration 2 of 30
2026-05-17 02:38:37,086 - harmonypy - INFO - Iteration 3 of 30
2026-05-17 02:38:37,095 - harmonypy - INFO - Converged after 3 iterations
2026-05-17 02:38:37,222 - harmonypy - INFO - Computing initial centroids with sklearn.KMeans...
2026-05-17 02:38:37,237 - harmonypy - INFO - sklearn.KMeans initialization complete.
2026-05-17 02:38:37,237 - harmonypy - INFO - Iteration 1 of 30
2026-05-17 02:38:37,261 - harmonypy - INFO - Iteration 2 of 30
2026-05-17 02:38:37,270 - harmonypy - INFO - Iteration 3 of 30
2026-05-17 02:38:37,279 - harmonypy - INFO - Converged after 3 iterations
2026-05-17 02:38:37,419 - harmonypy - INFO - Computing initial centroids with sklearn.KMeans...
2026-05-17 02:38:37,431 - harmonypy - INFO - sklearn.KMeans initialization complete.
2026-05-17 02:38:37,432 - harmonypy - INFO - Iteration 1 of 30
2026-05-17 02:38:37,442 - harmonypy - INFO - Iteration 2 of 30
2026-05-17 02:38:37,453 - harmonypy - INFO - Iteration 3 of 30
2026-05-17 02:38:37,462 - harmonypy - INFO - Iteration 4 of 30
2026-05-17 02:38:37,471 - harmonypy - INFO - Converged after 4 iterations
[autotune] best cmd_weight=9.7587  score=0.6826  (15 evals)
  [batch correction] 2 groups (group only)
2026-05-17 02:38:37,483 - harmonypy - INFO - Computing initial centroids with sklearn.KMeans...
2026-05-17 02:38:37,496 - harmonypy - INFO - sklearn.KMeans initialization complete.
2026-05-17 02:38:37,496 - harmonypy - INFO - Iteration 1 of 30
2026-05-17 02:38:37,508 - harmonypy - INFO - Iteration 2 of 30
2026-05-17 02:38:37,519 - harmonypy - INFO - Iteration 3 of 30
2026-05-17 02:38:37,543 - harmonypy - INFO - Iteration 4 of 30
2026-05-17 02:38:37,558 - harmonypy - INFO - Iteration 5 of 30
2026-05-17 02:38:37,578 - harmonypy - INFO - Converged after 5 iterations
[autotune] wrote /dcs07/hongkai/data/harry/result/test/test_run_multiomics/heart/sampledisco_tuned_v2/sample_embedding/sample_embedding.csv
[autotune] wrote /dcs07/hongkai/data/harry/result/test/test_run_multiomics/heart/sampledisco_tuned_v2/sample_embedding/autotune_record.txt
[autotune] done in 23.21s
[02:38:37] ========== BENCH: heart ==========
[02:38:38]   evaluating SD_expression ← /dcs07/hongkai/data/harry/result/multi_omics_heart/SD/multiomics/embeddings/sample_expression_embedding.csv

============================================================
Evaluating method: SD_expression
============================================================
Loading metadata from: /dcs07/hongkai/data/harry/result/multi_omics_heart/data/multi_omics_heart_sample_meta.csv
Loading embedding from: /dcs07/hongkai/data/harry/result/multi_omics_heart/SD/multiomics/embeddings/sample_expression_embedding.csv
Inferring modality from sample names (case insensitive)...
Modality distribution: {'ATAC': np.int64(22), 'RNA': np.int64(22)}

============================================================
DEBUG: align_data() function
============================================================

1. Input sizes:
   - Metadata: 25 samples
   - Embedding: 44 samples
   - Sample info: 44 samples

2. Sample name examples (first 5):
   - Metadata index: ['MA10_heart', 'MA11_heart', 'MA13_heart', 'MA14_heart', 'MA19_heart']
   - Embedding index: ['MA10_heart_ATAC', 'MA10_heart_RNA', 'MA11_heart_ATAC', 'MA11_heart_RNA', 'MA13_heart_ATAC']
   - Sample info index: ['MA10_heart_ATAC', 'MA10_heart_RNA', 'MA11_heart_ATAC', 'MA11_heart_RNA', 'MA13_heart_ATAC']
   - Sample info sample_id_norm: ['ma10_heart', 'ma10_heart', 'ma11_heart', 'ma11_heart', 'ma13_heart']

3. Checking for duplicate indices:
   - Metadata duplicates: 1
     Duplicate samples in metadata: [nan]
   - Embedding duplicates: 0
   - Sample info duplicates: 0

4. Creating sample mapping:
   - Found 44 embedding samples with matching metadata
   - Matched 22 unique metadata samples

5. Example matches (first 5):
   Metadata: MA10_heart → Embedding: MA10_heart_ATAC
   Metadata: MA10_heart → Embedding: MA10_heart_RNA
   Metadata: MA11_heart → Embedding: MA11_heart_ATAC
   Metadata: MA11_heart → Embedding: MA11_heart_RNA
   Metadata: MA13_heart → Embedding: MA13_heart_ATAC

6. Final intersection:
   - Embedding samples that match metadata: 44

7. Aligned datasets:
   - Total aligned samples: 44
   - Unique metadata samples used: 22
   - First 5 aligned sample names: ['MA10_heart_ATAC', 'MA10_heart_RNA', 'MA11_heart_ATAC', 'MA11_heart_RNA', 'MA13_heart_ATAC']

Note: 3 metadata samples have no corresponding embedding data
============================================================

Aligned data: 44 samples, 10 dimensions

1. Computing paired sample distances...

2. Computing modality mixing (iLISI, ASW)...

3. Computing disease state preservation...

4. Running permutation tests...
   - Paired distance permutation test...
   - Modality mixing permutation test...
   - Disease state preservation permutation test...

5. Creating visualizations...
   - Modality plot: /dcs07/hongkai/data/harry/result/test/test_run_multiomics/heart/Benchmark_result/SD_expression/visualizations/SD_expression_by_modality.png
   - Disease state plot: /dcs07/hongkai/data/harry/result/test/test_run_multiomics/heart/Benchmark_result/SD_expression/visualizations/SD_expression_by_disease_state.png
   - Paired connections plot: /dcs07/hongkai/data/harry/result/test/test_run_multiomics/heart/Benchmark_result/SD_expression/visualizations/SD_expression_paired_connections.png

============================================================
Multimodal Integration Evaluation: SD_expression
============================================================

Total samples: 44
Embedding dimensions: 10
Permutations: 1000

--- KEY METRICS ---

1. Mean Paired Distance (lower = better)
   Value: 15.6913
   P-value: 8.81e-01

2. ASW Modality (higher = better)
   Value: 0.4056
   P-value: 1.00e+00

3. Disease State Preservation Score (higher = better)
   Value: 1.0016
   P-value: 4.45e-01

--- ADDITIONAL DETAILS ---

Paired Sample Distance:
  Number of pairs: 22
  Std paired distance:  7.2049
  Median paired distance: 13.5134

Modality Mixing:
  Modalities: ['ATAC', 'RNA']
  iLISI mean:       1.4876
  iLISI normalized: 0.7438
  iLISI P-value:    1.00e+00

Disease State Preservation:
  Number of disease states: 3
  Disease states: ['acute myocardial infarction', 'cardiomyopathy', 'normal']
  Mean within-disease_state distance:  14.9764
  Mean between-disease_state distance: 15.0005

============================================================
Results saved to: /dcs07/hongkai/data/harry/result/test/test_run_multiomics/heart/Benchmark_result/SD_expression
============================================================

Updated summary CSV: /dcs07/hongkai/data/harry/result/test/test_run_multiomics/heart/Benchmark_result/summary.csv with column 'SD_expression'
[02:39:04]   evaluating SD_proportion ← /dcs07/hongkai/data/harry/result/multi_omics_heart/SD/multiomics/embeddings/sample_proportion_embedding.csv

============================================================
Evaluating method: SD_proportion
============================================================
Loading metadata from: /dcs07/hongkai/data/harry/result/multi_omics_heart/data/multi_omics_heart_sample_meta.csv
Loading embedding from: /dcs07/hongkai/data/harry/result/multi_omics_heart/SD/multiomics/embeddings/sample_proportion_embedding.csv
Inferring modality from sample names (case insensitive)...
Modality distribution: {'ATAC': np.int64(22), 'RNA': np.int64(22)}

============================================================
DEBUG: align_data() function
============================================================

1. Input sizes:
   - Metadata: 25 samples
   - Embedding: 44 samples
   - Sample info: 44 samples

2. Sample name examples (first 5):
   - Metadata index: ['MA10_heart', 'MA11_heart', 'MA13_heart', 'MA14_heart', 'MA19_heart']
   - Embedding index: ['ma10_heart_atac', 'ma10_heart_rna', 'ma11_heart_atac', 'ma11_heart_rna', 'ma13_heart_atac']
   - Sample info index: ['ma10_heart_atac', 'ma10_heart_rna', 'ma11_heart_atac', 'ma11_heart_rna', 'ma13_heart_atac']
   - Sample info sample_id_norm: ['ma10_heart', 'ma10_heart', 'ma11_heart', 'ma11_heart', 'ma13_heart']

3. Checking for duplicate indices:
   - Metadata duplicates: 1
     Duplicate samples in metadata: [nan]
   - Embedding duplicates: 0
   - Sample info duplicates: 0

4. Creating sample mapping:
   - Found 44 embedding samples with matching metadata
   - Matched 22 unique metadata samples

5. Example matches (first 5):
   Metadata: MA10_heart → Embedding: ma10_heart_atac
   Metadata: MA10_heart → Embedding: ma10_heart_rna
   Metadata: MA11_heart → Embedding: ma11_heart_atac
   Metadata: MA11_heart → Embedding: ma11_heart_rna
   Metadata: MA13_heart → Embedding: ma13_heart_atac

6. Final intersection:
   - Embedding samples that match metadata: 44

7. Aligned datasets:
   - Total aligned samples: 44
   - Unique metadata samples used: 22
   - First 5 aligned sample names: ['ma10_heart_atac', 'ma10_heart_rna', 'ma11_heart_atac', 'ma11_heart_rna', 'ma13_heart_atac']

Note: 3 metadata samples have no corresponding embedding data
============================================================

Aligned data: 44 samples, 10 dimensions

1. Computing paired sample distances...

2. Computing modality mixing (iLISI, ASW)...

3. Computing disease state preservation...

4. Running permutation tests...
   - Paired distance permutation test...
   - Modality mixing permutation test...
   - Disease state preservation permutation test...

5. Creating visualizations...
   - Modality plot: /dcs07/hongkai/data/harry/result/test/test_run_multiomics/heart/Benchmark_result/SD_proportion/visualizations/SD_proportion_by_modality.png
   - Disease state plot: /dcs07/hongkai/data/harry/result/test/test_run_multiomics/heart/Benchmark_result/SD_proportion/visualizations/SD_proportion_by_disease_state.png
   - Paired connections plot: /dcs07/hongkai/data/harry/result/test/test_run_multiomics/heart/Benchmark_result/SD_proportion/visualizations/SD_proportion_paired_connections.png

============================================================
Multimodal Integration Evaluation: SD_proportion
============================================================

Total samples: 44
Embedding dimensions: 10
Permutations: 1000

--- KEY METRICS ---

1. Mean Paired Distance (lower = better)
   Value: 0.2616
   P-value: 0.00e+00

2. ASW Modality (higher = better)
   Value: 0.4863
   P-value: 9.48e-01

3. Disease State Preservation Score (higher = better)
   Value: 1.2900
   P-value: 0.00e+00

--- ADDITIONAL DETAILS ---

Paired Sample Distance:
  Number of pairs: 22
  Std paired distance:  0.1338
  Median paired distance: 0.2213

Modality Mixing:
  Modalities: ['ATAC', 'RNA']
  iLISI mean:       1.7477
  iLISI normalized: 0.8739
  iLISI P-value:    9.86e-01

Disease State Preservation:
  Number of disease states: 3
  Disease states: ['acute myocardial infarction', 'cardiomyopathy', 'normal']
  Mean within-disease_state distance:  0.3790
  Mean between-disease_state distance: 0.4890

============================================================
Results saved to: /dcs07/hongkai/data/harry/result/test/test_run_multiomics/heart/Benchmark_result/SD_proportion
============================================================

Updated summary CSV: /dcs07/hongkai/data/harry/result/test/test_run_multiomics/heart/Benchmark_result/summary.csv with column 'SD_proportion'
[02:39:57]   evaluating pilot ← /dcs07/hongkai/data/harry/result/multi_omics_heart/pilot/wasserstein_distance_mds_10d.csv

============================================================
Evaluating method: pilot
============================================================
Loading metadata from: /dcs07/hongkai/data/harry/result/multi_omics_heart/data/multi_omics_heart_sample_meta.csv
Loading embedding from: /dcs07/hongkai/data/harry/result/multi_omics_heart/pilot/wasserstein_distance_mds_10d.csv
Inferring modality from sample names (case insensitive)...
Modality distribution: {'RNA': np.int64(22), 'ATAC': np.int64(22)}

============================================================
DEBUG: align_data() function
============================================================

1. Input sizes:
   - Metadata: 25 samples
   - Embedding: 44 samples
   - Sample info: 44 samples

2. Sample name examples (first 5):
   - Metadata index: ['MA10_heart', 'MA11_heart', 'MA13_heart', 'MA14_heart', 'MA19_heart']
   - Embedding index: ['MA8_heart_RNA', 'MA9_heart_RNA', 'MA14_heart_RNA', 'MA6_heart_RNA', 'MA13_heart_RNA']
   - Sample info index: ['MA8_heart_RNA', 'MA9_heart_RNA', 'MA14_heart_RNA', 'MA6_heart_RNA', 'MA13_heart_RNA']
   - Sample info sample_id_norm: ['ma8_heart', 'ma9_heart', 'ma14_heart', 'ma6_heart', 'ma13_heart']

3. Checking for duplicate indices:
   - Metadata duplicates: 1
     Duplicate samples in metadata: [nan]
   - Embedding duplicates: 0
   - Sample info duplicates: 0

4. Creating sample mapping:
   - Found 44 embedding samples with matching metadata
   - Matched 22 unique metadata samples

5. Example matches (first 5):
   Metadata: MA8_heart → Embedding: MA8_heart_RNA
   Metadata: MA9_heart → Embedding: MA9_heart_RNA
   Metadata: MA14_heart → Embedding: MA14_heart_RNA
   Metadata: MA6_heart → Embedding: MA6_heart_RNA
   Metadata: MA13_heart → Embedding: MA13_heart_RNA

6. Final intersection:
   - Embedding samples that match metadata: 44

7. Aligned datasets:
   - Total aligned samples: 44
   - Unique metadata samples used: 22
   - First 5 aligned sample names: ['MA8_heart_RNA', 'MA9_heart_RNA', 'MA14_heart_RNA', 'MA6_heart_RNA', 'MA13_heart_RNA']

Note: 3 metadata samples have no corresponding embedding data
============================================================

Aligned data: 44 samples, 10 dimensions

1. Computing paired sample distances...

2. Computing modality mixing (iLISI, ASW)...

3. Computing disease state preservation...

4. Running permutation tests...
   - Paired distance permutation test...
   - Modality mixing permutation test...
   - Disease state preservation permutation test...

5. Creating visualizations...
   - Modality plot: /dcs07/hongkai/data/harry/result/test/test_run_multiomics/heart/Benchmark_result/pilot/visualizations/pilot_by_modality.png
   - Disease state plot: /dcs07/hongkai/data/harry/result/test/test_run_multiomics/heart/Benchmark_result/pilot/visualizations/pilot_by_disease_state.png
   - Paired connections plot: /dcs07/hongkai/data/harry/result/test/test_run_multiomics/heart/Benchmark_result/pilot/visualizations/pilot_paired_connections.png

============================================================
Multimodal Integration Evaluation: pilot
============================================================

Total samples: 44
Embedding dimensions: 10
Permutations: 1000

--- KEY METRICS ---

1. Mean Paired Distance (lower = better)
   Value: 0.7714
   P-value: 1.00e+00

2. ASW Modality (higher = better)
   Value: 0.0349
   P-value: 1.00e+00

3. Disease State Preservation Score (higher = better)
   Value: 0.9501
   P-value: 8.97e-01

--- ADDITIONAL DETAILS ---

Paired Sample Distance:
  Number of pairs: 22
  Std paired distance:  0.0547
  Median paired distance: 0.7673

Modality Mixing:
  Modalities: ['ATAC', 'RNA']
  iLISI mean:       1.0000
  iLISI normalized: 0.5000
  iLISI P-value:    1.00e+00

Disease State Preservation:
  Number of disease states: 3
  Disease states: ['acute myocardial infarction', 'cardiomyopathy', 'normal']
  Mean within-disease_state distance:  0.4354
  Mean between-disease_state distance: 0.4136

============================================================
Results saved to: /dcs07/hongkai/data/harry/result/test/test_run_multiomics/heart/Benchmark_result/pilot
============================================================

Updated summary CSV: /dcs07/hongkai/data/harry/result/test/test_run_multiomics/heart/Benchmark_result/summary.csv with column 'pilot'
[02:40:02]   evaluating pseudobulk ← /dcs07/hongkai/data/harry/result/multi_omics_heart/pseudobulk/pseudobulk/pca_embeddings.csv

============================================================
Evaluating method: pseudobulk
============================================================
Loading metadata from: /dcs07/hongkai/data/harry/result/multi_omics_heart/data/multi_omics_heart_sample_meta.csv
Loading embedding from: /dcs07/hongkai/data/harry/result/multi_omics_heart/pseudobulk/pseudobulk/pca_embeddings.csv
Inferring modality from sample names (case insensitive)...
Modality distribution: {'ATAC': np.int64(22), 'RNA': np.int64(22)}

============================================================
DEBUG: align_data() function
============================================================

1. Input sizes:
   - Metadata: 25 samples
   - Embedding: 44 samples
   - Sample info: 44 samples

2. Sample name examples (first 5):
   - Metadata index: ['MA10_heart', 'MA11_heart', 'MA13_heart', 'MA14_heart', 'MA19_heart']
   - Embedding index: ['MA10_heart_ATAC', 'MA10_heart_RNA', 'MA11_heart_ATAC', 'MA11_heart_RNA', 'MA13_heart_ATAC']
   - Sample info index: ['MA10_heart_ATAC', 'MA10_heart_RNA', 'MA11_heart_ATAC', 'MA11_heart_RNA', 'MA13_heart_ATAC']
   - Sample info sample_id_norm: ['ma10_heart', 'ma10_heart', 'ma11_heart', 'ma11_heart', 'ma13_heart']

3. Checking for duplicate indices:
   - Metadata duplicates: 1
     Duplicate samples in metadata: [nan]
   - Embedding duplicates: 0
   - Sample info duplicates: 0

4. Creating sample mapping:
   - Found 44 embedding samples with matching metadata
   - Matched 22 unique metadata samples

5. Example matches (first 5):
   Metadata: MA10_heart → Embedding: MA10_heart_ATAC
   Metadata: MA10_heart → Embedding: MA10_heart_RNA
   Metadata: MA11_heart → Embedding: MA11_heart_ATAC
   Metadata: MA11_heart → Embedding: MA11_heart_RNA
   Metadata: MA13_heart → Embedding: MA13_heart_ATAC

6. Final intersection:
   - Embedding samples that match metadata: 44

7. Aligned datasets:
   - Total aligned samples: 44
   - Unique metadata samples used: 22
   - First 5 aligned sample names: ['MA10_heart_ATAC', 'MA10_heart_RNA', 'MA11_heart_ATAC', 'MA11_heart_RNA', 'MA13_heart_ATAC']

Note: 3 metadata samples have no corresponding embedding data
============================================================

Aligned data: 44 samples, 10 dimensions

1. Computing paired sample distances...

2. Computing modality mixing (iLISI, ASW)...

3. Computing disease state preservation...

4. Running permutation tests...
   - Paired distance permutation test...
   - Modality mixing permutation test...
   - Disease state preservation permutation test...

5. Creating visualizations...
   - Modality plot: /dcs07/hongkai/data/harry/result/test/test_run_multiomics/heart/Benchmark_result/pseudobulk/visualizations/pseudobulk_by_modality.png
   - Disease state plot: /dcs07/hongkai/data/harry/result/test/test_run_multiomics/heart/Benchmark_result/pseudobulk/visualizations/pseudobulk_by_disease_state.png
   - Paired connections plot: /dcs07/hongkai/data/harry/result/test/test_run_multiomics/heart/Benchmark_result/pseudobulk/visualizations/pseudobulk_paired_connections.png

============================================================
Multimodal Integration Evaluation: pseudobulk
============================================================

Total samples: 44
Embedding dimensions: 10
Permutations: 1000

--- KEY METRICS ---

1. Mean Paired Distance (lower = better)
   Value: 37.0629
   P-value: 1.00e+00

2. ASW Modality (higher = better)
   Value: 0.1628
   P-value: 1.00e+00

3. Disease State Preservation Score (higher = better)
   Value: 0.9971
   P-value: 4.05e-01

--- ADDITIONAL DETAILS ---

Paired Sample Distance:
  Number of pairs: 22
  Std paired distance:  4.4526
  Median paired distance: 36.9987

Modality Mixing:
  Modalities: ['ATAC', 'RNA']
  iLISI mean:       1.0000
  iLISI normalized: 0.5000
  iLISI P-value:    1.00e+00

Disease State Preservation:
  Number of disease states: 3
  Disease states: ['acute myocardial infarction', 'cardiomyopathy', 'normal']
  Mean within-disease_state distance:  25.1811
  Mean between-disease_state distance: 25.1090

============================================================
Results saved to: /dcs07/hongkai/data/harry/result/test/test_run_multiomics/heart/Benchmark_result/pseudobulk
============================================================

Updated summary CSV: /dcs07/hongkai/data/harry/result/test/test_run_multiomics/heart/Benchmark_result/summary.csv with column 'pseudobulk'
[02:40:24]   evaluating QOT ← /dcs07/hongkai/data/harry/result/multi_omics_heart/QOT/44_qot_distance_matrix_mds_10d.csv

============================================================
Evaluating method: QOT
============================================================
Loading metadata from: /dcs07/hongkai/data/harry/result/multi_omics_heart/data/multi_omics_heart_sample_meta.csv
Loading embedding from: /dcs07/hongkai/data/harry/result/multi_omics_heart/QOT/44_qot_distance_matrix_mds_10d.csv
Inferring modality from sample names (case insensitive)...
Modality distribution: {'ATAC': np.int64(22), 'RNA': np.int64(22)}

============================================================
DEBUG: align_data() function
============================================================

1. Input sizes:
   - Metadata: 25 samples
   - Embedding: 44 samples
   - Sample info: 44 samples

2. Sample name examples (first 5):
   - Metadata index: ['MA10_heart', 'MA11_heart', 'MA13_heart', 'MA14_heart', 'MA19_heart']
   - Embedding index: ['MA10_heart_ATAC', 'MA10_heart_RNA', 'MA11_heart_ATAC', 'MA11_heart_RNA', 'MA13_heart_ATAC']
   - Sample info index: ['MA10_heart_ATAC', 'MA10_heart_RNA', 'MA11_heart_ATAC', 'MA11_heart_RNA', 'MA13_heart_ATAC']
   - Sample info sample_id_norm: ['ma10_heart', 'ma10_heart', 'ma11_heart', 'ma11_heart', 'ma13_heart']

3. Checking for duplicate indices:
   - Metadata duplicates: 1
     Duplicate samples in metadata: [nan]
   - Embedding duplicates: 0
   - Sample info duplicates: 0

4. Creating sample mapping:
   - Found 44 embedding samples with matching metadata
   - Matched 22 unique metadata samples

5. Example matches (first 5):
   Metadata: MA10_heart → Embedding: MA10_heart_ATAC
   Metadata: MA10_heart → Embedding: MA10_heart_RNA
   Metadata: MA11_heart → Embedding: MA11_heart_ATAC
   Metadata: MA11_heart → Embedding: MA11_heart_RNA
   Metadata: MA13_heart → Embedding: MA13_heart_ATAC

6. Final intersection:
   - Embedding samples that match metadata: 44

7. Aligned datasets:
   - Total aligned samples: 44
   - Unique metadata samples used: 22
   - First 5 aligned sample names: ['MA10_heart_ATAC', 'MA10_heart_RNA', 'MA11_heart_ATAC', 'MA11_heart_RNA', 'MA13_heart_ATAC']

Note: 3 metadata samples have no corresponding embedding data
============================================================

Aligned data: 44 samples, 10 dimensions

1. Computing paired sample distances...

2. Computing modality mixing (iLISI, ASW)...

3. Computing disease state preservation...

4. Running permutation tests...
   - Paired distance permutation test...
   - Modality mixing permutation test...
   - Disease state preservation permutation test...

5. Creating visualizations...
   - Modality plot: /dcs07/hongkai/data/harry/result/test/test_run_multiomics/heart/Benchmark_result/QOT/visualizations/QOT_by_modality.png
   - Disease state plot: /dcs07/hongkai/data/harry/result/test/test_run_multiomics/heart/Benchmark_result/QOT/visualizations/QOT_by_disease_state.png
   - Paired connections plot: /dcs07/hongkai/data/harry/result/test/test_run_multiomics/heart/Benchmark_result/QOT/visualizations/QOT_paired_connections.png

============================================================
Multimodal Integration Evaluation: QOT
============================================================

Total samples: 44
Embedding dimensions: 10
Permutations: 1000

--- KEY METRICS ---

1. Mean Paired Distance (lower = better)
   Value: 0.3495
   P-value: 0.00e+00

2. ASW Modality (higher = better)
   Value: 0.5132
   P-value: 1.84e-01

3. Disease State Preservation Score (higher = better)
   Value: 0.9933
   P-value: 4.38e-01

--- ADDITIONAL DETAILS ---

Paired Sample Distance:
  Number of pairs: 22
  Std paired distance:  0.1580
  Median paired distance: 0.3275

Modality Mixing:
  Modalities: ['ATAC', 'RNA']
  iLISI mean:       1.9348
  iLISI normalized: 0.9674
  iLISI P-value:    4.70e-01

Disease State Preservation:
  Number of disease states: 3
  Disease states: ['acute myocardial infarction', 'cardiomyopathy', 'normal']
  Mean within-disease_state distance:  0.9216
  Mean between-disease_state distance: 0.9155

============================================================
Results saved to: /dcs07/hongkai/data/harry/result/test/test_run_multiomics/heart/Benchmark_result/QOT
============================================================

Updated summary CSV: /dcs07/hongkai/data/harry/result/test/test_run_multiomics/heart/Benchmark_result/summary.csv with column 'QOT'
[02:40:34]   evaluating GEDI ← /dcs07/hongkai/data/harry/result/multi_omics_heart/GEDI/gedi_sample_embedding.csv

============================================================
Evaluating method: GEDI
============================================================
Loading metadata from: /dcs07/hongkai/data/harry/result/multi_omics_heart/data/multi_omics_heart_sample_meta.csv
Loading embedding from: /dcs07/hongkai/data/harry/result/multi_omics_heart/GEDI/gedi_sample_embedding.csv
Inferring modality from sample names (case insensitive)...
Modality distribution: {'ATAC': np.int64(22), 'RNA': np.int64(22)}

============================================================
DEBUG: align_data() function
============================================================

1. Input sizes:
   - Metadata: 25 samples
   - Embedding: 44 samples
   - Sample info: 44 samples

2. Sample name examples (first 5):
   - Metadata index: ['MA10_heart', 'MA11_heart', 'MA13_heart', 'MA14_heart', 'MA19_heart']
   - Embedding index: ['MA10_heart_ATAC', 'MA10_heart_RNA', 'MA11_heart_ATAC', 'MA11_heart_RNA', 'MA13_heart_ATAC']
   - Sample info index: ['MA10_heart_ATAC', 'MA10_heart_RNA', 'MA11_heart_ATAC', 'MA11_heart_RNA', 'MA13_heart_ATAC']
   - Sample info sample_id_norm: ['ma10_heart', 'ma10_heart', 'ma11_heart', 'ma11_heart', 'ma13_heart']

3. Checking for duplicate indices:
   - Metadata duplicates: 1
     Duplicate samples in metadata: [nan]
   - Embedding duplicates: 0
   - Sample info duplicates: 0

4. Creating sample mapping:
   - Found 44 embedding samples with matching metadata
   - Matched 22 unique metadata samples

5. Example matches (first 5):
   Metadata: MA10_heart → Embedding: MA10_heart_ATAC
   Metadata: MA10_heart → Embedding: MA10_heart_RNA
   Metadata: MA11_heart → Embedding: MA11_heart_ATAC
   Metadata: MA11_heart → Embedding: MA11_heart_RNA
   Metadata: MA13_heart → Embedding: MA13_heart_ATAC

6. Final intersection:
   - Embedding samples that match metadata: 44

7. Aligned datasets:
   - Total aligned samples: 44
   - Unique metadata samples used: 22
   - First 5 aligned sample names: ['MA10_heart_ATAC', 'MA10_heart_RNA', 'MA11_heart_ATAC', 'MA11_heart_RNA', 'MA13_heart_ATAC']

Note: 3 metadata samples have no corresponding embedding data
============================================================

Aligned data: 44 samples, 10 dimensions

1. Computing paired sample distances...

2. Computing modality mixing (iLISI, ASW)...

3. Computing disease state preservation...

4. Running permutation tests...
   - Paired distance permutation test...
   - Modality mixing permutation test...
   - Disease state preservation permutation test...

5. Creating visualizations...
   - Modality plot: /dcs07/hongkai/data/harry/result/test/test_run_multiomics/heart/Benchmark_result/GEDI/visualizations/GEDI_by_modality.png
   - Disease state plot: /dcs07/hongkai/data/harry/result/test/test_run_multiomics/heart/Benchmark_result/GEDI/visualizations/GEDI_by_disease_state.png
   - Paired connections plot: /dcs07/hongkai/data/harry/result/test/test_run_multiomics/heart/Benchmark_result/GEDI/visualizations/GEDI_paired_connections.png

============================================================
Multimodal Integration Evaluation: GEDI
============================================================

Total samples: 44
Embedding dimensions: 10
Permutations: 1000

--- KEY METRICS ---

1. Mean Paired Distance (lower = better)
   Value: 3.7582
   P-value: 1.00e+00

2. ASW Modality (higher = better)
   Value: 0.2034
   P-value: 1.00e+00

3. Disease State Preservation Score (higher = better)
   Value: 0.9802
   P-value: 6.80e-01

--- ADDITIONAL DETAILS ---

Paired Sample Distance:
  Number of pairs: 22
  Std paired distance:  0.4843
  Median paired distance: 3.8651

Modality Mixing:
  Modalities: ['ATAC', 'RNA']
  iLISI mean:       1.0000
  iLISI normalized: 0.5000
  iLISI P-value:    1.00e+00

Disease State Preservation:
  Number of disease states: 3
  Disease states: ['acute myocardial infarction', 'cardiomyopathy', 'normal']
  Mean within-disease_state distance:  2.7448
  Mean between-disease_state distance: 2.6904

============================================================
Results saved to: /dcs07/hongkai/data/harry/result/test/test_run_multiomics/heart/Benchmark_result/GEDI
============================================================

Updated summary CSV: /dcs07/hongkai/data/harry/result/test/test_run_multiomics/heart/Benchmark_result/summary.csv with column 'GEDI'
[02:40:39]   evaluating Gloscope ← /dcs07/hongkai/data/harry/result/multi_omics_heart/Gloscope/knn_divergence_mds_10d.csv

============================================================
Evaluating method: Gloscope
============================================================
Loading metadata from: /dcs07/hongkai/data/harry/result/multi_omics_heart/data/multi_omics_heart_sample_meta.csv
Loading embedding from: /dcs07/hongkai/data/harry/result/multi_omics_heart/Gloscope/knn_divergence_mds_10d.csv
Inferring modality from sample names (case insensitive)...
Modality distribution: {'RNA': np.int64(22), 'ATAC': np.int64(22)}

============================================================
DEBUG: align_data() function
============================================================

1. Input sizes:
   - Metadata: 25 samples
   - Embedding: 44 samples
   - Sample info: 44 samples

2. Sample name examples (first 5):
   - Metadata index: ['MA10_heart', 'MA11_heart', 'MA13_heart', 'MA14_heart', 'MA19_heart']
   - Embedding index: ['MA8_heart_RNA', 'MA9_heart_RNA', 'MA14_heart_RNA', 'MA6_heart_RNA', 'MA13_heart_RNA']
   - Sample info index: ['MA8_heart_RNA', 'MA9_heart_RNA', 'MA14_heart_RNA', 'MA6_heart_RNA', 'MA13_heart_RNA']
   - Sample info sample_id_norm: ['ma8_heart', 'ma9_heart', 'ma14_heart', 'ma6_heart', 'ma13_heart']

3. Checking for duplicate indices:
   - Metadata duplicates: 1
     Duplicate samples in metadata: [nan]
   - Embedding duplicates: 0
   - Sample info duplicates: 0

4. Creating sample mapping:
   - Found 44 embedding samples with matching metadata
   - Matched 22 unique metadata samples

5. Example matches (first 5):
   Metadata: MA8_heart → Embedding: MA8_heart_RNA
   Metadata: MA9_heart → Embedding: MA9_heart_RNA
   Metadata: MA14_heart → Embedding: MA14_heart_RNA
   Metadata: MA6_heart → Embedding: MA6_heart_RNA
   Metadata: MA13_heart → Embedding: MA13_heart_RNA

6. Final intersection:
   - Embedding samples that match metadata: 44

7. Aligned datasets:
   - Total aligned samples: 44
   - Unique metadata samples used: 22
   - First 5 aligned sample names: ['MA8_heart_RNA', 'MA9_heart_RNA', 'MA14_heart_RNA', 'MA6_heart_RNA', 'MA13_heart_RNA']

Note: 3 metadata samples have no corresponding embedding data
============================================================

Aligned data: 44 samples, 10 dimensions

1. Computing paired sample distances...

2. Computing modality mixing (iLISI, ASW)...

3. Computing disease state preservation...

4. Running permutation tests...
   - Paired distance permutation test...
   - Modality mixing permutation test...
   - Disease state preservation permutation test...

5. Creating visualizations...
   - Modality plot: /dcs07/hongkai/data/harry/result/test/test_run_multiomics/heart/Benchmark_result/Gloscope/visualizations/Gloscope_by_modality.png
   - Disease state plot: /dcs07/hongkai/data/harry/result/test/test_run_multiomics/heart/Benchmark_result/Gloscope/visualizations/Gloscope_by_disease_state.png
   - Paired connections plot: /dcs07/hongkai/data/harry/result/test/test_run_multiomics/heart/Benchmark_result/Gloscope/visualizations/Gloscope_paired_connections.png

============================================================
Multimodal Integration Evaluation: Gloscope
============================================================

Total samples: 44
Embedding dimensions: 10
Permutations: 1000

--- KEY METRICS ---

1. Mean Paired Distance (lower = better)
   Value: 54.1986
   P-value: 1.00e+00

2. ASW Modality (higher = better)
   Value: 0.1446
   P-value: 1.00e+00

3. Disease State Preservation Score (higher = better)
   Value: 1.0003
   P-value: 4.04e-01

--- ADDITIONAL DETAILS ---

Paired Sample Distance:
  Number of pairs: 22
  Std paired distance:  4.6062
  Median paired distance: 53.1636

Modality Mixing:
  Modalities: ['ATAC', 'RNA']
  iLISI mean:       1.0000
  iLISI normalized: 0.5000
  iLISI P-value:    1.00e+00

Disease State Preservation:
  Number of disease states: 3
  Disease states: ['acute myocardial infarction', 'cardiomyopathy', 'normal']
  Mean within-disease_state distance:  35.6246
  Mean between-disease_state distance: 35.6348

============================================================
Results saved to: /dcs07/hongkai/data/harry/result/test/test_run_multiomics/heart/Benchmark_result/Gloscope
============================================================

Updated summary CSV: /dcs07/hongkai/data/harry/result/test/test_run_multiomics/heart/Benchmark_result/summary.csv with column 'Gloscope'
[02:40:45]   evaluating MFA ← /dcs07/hongkai/data/harry/result/multi_omics_heart/MFA/sample_embeddings.csv

============================================================
Evaluating method: MFA
============================================================
Loading metadata from: /dcs07/hongkai/data/harry/result/multi_omics_heart/data/multi_omics_heart_sample_meta.csv
Loading embedding from: /dcs07/hongkai/data/harry/result/multi_omics_heart/MFA/sample_embeddings.csv
Inferring modality from sample names (case insensitive)...
Modality distribution: {'RNA': np.int64(22), 'ATAC': np.int64(22)}

============================================================
DEBUG: align_data() function
============================================================

1. Input sizes:
   - Metadata: 25 samples
   - Embedding: 44 samples
   - Sample info: 44 samples

2. Sample name examples (first 5):
   - Metadata index: ['MA10_heart', 'MA11_heart', 'MA13_heart', 'MA14_heart', 'MA19_heart']
   - Embedding index: ['MA8_heart_RNA', 'MA9_heart_RNA', 'MA14_heart_RNA', 'MA6_heart_RNA', 'MA13_heart_RNA']
   - Sample info index: ['MA8_heart_RNA', 'MA9_heart_RNA', 'MA14_heart_RNA', 'MA6_heart_RNA', 'MA13_heart_RNA']
   - Sample info sample_id_norm: ['ma8_heart', 'ma9_heart', 'ma14_heart', 'ma6_heart', 'ma13_heart']

3. Checking for duplicate indices:
   - Metadata duplicates: 1
     Duplicate samples in metadata: [nan]
   - Embedding duplicates: 0
   - Sample info duplicates: 0

4. Creating sample mapping:
   - Found 44 embedding samples with matching metadata
   - Matched 22 unique metadata samples

5. Example matches (first 5):
   Metadata: MA8_heart → Embedding: MA8_heart_RNA
   Metadata: MA9_heart → Embedding: MA9_heart_RNA
   Metadata: MA14_heart → Embedding: MA14_heart_RNA
   Metadata: MA6_heart → Embedding: MA6_heart_RNA
   Metadata: MA13_heart → Embedding: MA13_heart_RNA

6. Final intersection:
   - Embedding samples that match metadata: 44

7. Aligned datasets:
   - Total aligned samples: 44
   - Unique metadata samples used: 22
   - First 5 aligned sample names: ['MA8_heart_RNA', 'MA9_heart_RNA', 'MA14_heart_RNA', 'MA6_heart_RNA', 'MA13_heart_RNA']

Note: 3 metadata samples have no corresponding embedding data
============================================================

Aligned data: 44 samples, 10 dimensions

1. Computing paired sample distances...

2. Computing modality mixing (iLISI, ASW)...

3. Computing disease state preservation...

4. Running permutation tests...
   - Paired distance permutation test...
   - Modality mixing permutation test...
   - Disease state preservation permutation test...

5. Creating visualizations...
   - Modality plot: /dcs07/hongkai/data/harry/result/test/test_run_multiomics/heart/Benchmark_result/MFA/visualizations/MFA_by_modality.png
   - Disease state plot: /dcs07/hongkai/data/harry/result/test/test_run_multiomics/heart/Benchmark_result/MFA/visualizations/MFA_by_disease_state.png
   - Paired connections plot: /dcs07/hongkai/data/harry/result/test/test_run_multiomics/heart/Benchmark_result/MFA/visualizations/MFA_paired_connections.png

============================================================
Multimodal Integration Evaluation: MFA
============================================================

Total samples: 44
Embedding dimensions: 10
Permutations: 1000

--- KEY METRICS ---

1. Mean Paired Distance (lower = better)
   Value: 2.2494
   P-value: 3.68e-01

2. ASW Modality (higher = better)
   Value: 0.4747
   P-value: 9.83e-01

3. Disease State Preservation Score (higher = better)
   Value: 1.1123
   P-value: 1.60e-02

--- ADDITIONAL DETAILS ---

Paired Sample Distance:
  Number of pairs: 22
  Std paired distance:  1.1210
  Median paired distance: 1.8868

Modality Mixing:
  Modalities: ['ATAC', 'RNA']
  iLISI mean:       1.7652
  iLISI normalized: 0.8826
  iLISI P-value:    9.81e-01

Disease State Preservation:
  Number of disease states: 3
  Disease states: ['acute myocardial infarction', 'cardiomyopathy', 'normal']
  Mean within-disease_state distance:  2.1345
  Mean between-disease_state distance: 2.3741

============================================================
Results saved to: /dcs07/hongkai/data/harry/result/test/test_run_multiomics/heart/Benchmark_result/MFA
============================================================

Updated summary CSV: /dcs07/hongkai/data/harry/result/test/test_run_multiomics/heart/Benchmark_result/summary.csv with column 'MFA'
[02:40:48]   evaluating mustard ← /dcs07/hongkai/data/harry/result/multi_omics_heart/mustard/sample_embedding.csv

============================================================
Evaluating method: mustard
============================================================
Loading metadata from: /dcs07/hongkai/data/harry/result/multi_omics_heart/data/multi_omics_heart_sample_meta.csv
Loading embedding from: /dcs07/hongkai/data/harry/result/multi_omics_heart/mustard/sample_embedding.csv
Inferring modality from sample names (case insensitive)...
Modality distribution: {'RNA': np.int64(22), 'ATAC': np.int64(22)}

============================================================
DEBUG: align_data() function
============================================================

1. Input sizes:
   - Metadata: 25 samples
   - Embedding: 44 samples
   - Sample info: 44 samples

2. Sample name examples (first 5):
   - Metadata index: ['MA10_heart', 'MA11_heart', 'MA13_heart', 'MA14_heart', 'MA19_heart']
   - Embedding index: ['MA8_heart_RNA', 'MA9_heart_RNA', 'MA14_heart_RNA', 'MA6_heart_RNA', 'MA13_heart_RNA']
   - Sample info index: ['MA8_heart_RNA', 'MA9_heart_RNA', 'MA14_heart_RNA', 'MA6_heart_RNA', 'MA13_heart_RNA']
   - Sample info sample_id_norm: ['ma8_heart', 'ma9_heart', 'ma14_heart', 'ma6_heart', 'ma13_heart']

3. Checking for duplicate indices:
   - Metadata duplicates: 1
     Duplicate samples in metadata: [nan]
   - Embedding duplicates: 0
   - Sample info duplicates: 0

4. Creating sample mapping:
   - Found 44 embedding samples with matching metadata
   - Matched 22 unique metadata samples

5. Example matches (first 5):
   Metadata: MA8_heart → Embedding: MA8_heart_RNA
   Metadata: MA9_heart → Embedding: MA9_heart_RNA
   Metadata: MA14_heart → Embedding: MA14_heart_RNA
   Metadata: MA6_heart → Embedding: MA6_heart_RNA
   Metadata: MA13_heart → Embedding: MA13_heart_RNA

6. Final intersection:
   - Embedding samples that match metadata: 44

7. Aligned datasets:
   - Total aligned samples: 44
   - Unique metadata samples used: 22
   - First 5 aligned sample names: ['MA8_heart_RNA', 'MA9_heart_RNA', 'MA14_heart_RNA', 'MA6_heart_RNA', 'MA13_heart_RNA']

Note: 3 metadata samples have no corresponding embedding data
============================================================

Aligned data: 44 samples, 10 dimensions

1. Computing paired sample distances...

2. Computing modality mixing (iLISI, ASW)...

3. Computing disease state preservation...

4. Running permutation tests...
   - Paired distance permutation test...
   - Modality mixing permutation test...
   - Disease state preservation permutation test...

5. Creating visualizations...
   - Modality plot: /dcs07/hongkai/data/harry/result/test/test_run_multiomics/heart/Benchmark_result/mustard/visualizations/mustard_by_modality.png
   - Disease state plot: /dcs07/hongkai/data/harry/result/test/test_run_multiomics/heart/Benchmark_result/mustard/visualizations/mustard_by_disease_state.png
   - Paired connections plot: /dcs07/hongkai/data/harry/result/test/test_run_multiomics/heart/Benchmark_result/mustard/visualizations/mustard_paired_connections.png

============================================================
Multimodal Integration Evaluation: mustard
============================================================

Total samples: 44
Embedding dimensions: 10
Permutations: 1000

--- KEY METRICS ---

1. Mean Paired Distance (lower = better)
   Value: 0.5820
   P-value: 1.00e+00

2. ASW Modality (higher = better)
   Value: 0.2531
   P-value: 1.00e+00

3. Disease State Preservation Score (higher = better)
   Value: 0.9723
   P-value: 7.70e-01

--- ADDITIONAL DETAILS ---

Paired Sample Distance:
  Number of pairs: 22
  Std paired distance:  0.0801
  Median paired distance: 0.5847

Modality Mixing:
  Modalities: ['ATAC', 'RNA']
  iLISI mean:       1.1104
  iLISI normalized: 0.5552
  iLISI P-value:    1.00e+00

Disease State Preservation:
  Number of disease states: 3
  Disease states: ['acute myocardial infarction', 'cardiomyopathy', 'normal']
  Mean within-disease_state distance:  0.4429
  Mean between-disease_state distance: 0.4306

============================================================
Results saved to: /dcs07/hongkai/data/harry/result/test/test_run_multiomics/heart/Benchmark_result/mustard
============================================================

Updated summary CSV: /dcs07/hongkai/data/harry/result/test/test_run_multiomics/heart/Benchmark_result/summary.csv with column 'mustard'
[02:40:51]   evaluating scPoli ← /dcs07/hongkai/data/harry/result/multi_omics_heart/scPoli/sample_embeddings_full.csv

============================================================
Evaluating method: scPoli
============================================================
Loading metadata from: /dcs07/hongkai/data/harry/result/multi_omics_heart/data/multi_omics_heart_sample_meta.csv
Loading embedding from: /dcs07/hongkai/data/harry/result/multi_omics_heart/scPoli/sample_embeddings_full.csv
Inferring modality from sample names (case insensitive)...
Modality distribution: {'RNA': np.int64(22), 'ATAC': np.int64(22)}

============================================================
DEBUG: align_data() function
============================================================

1. Input sizes:
   - Metadata: 25 samples
   - Embedding: 44 samples
   - Sample info: 44 samples

2. Sample name examples (first 5):
   - Metadata index: ['MA10_heart', 'MA11_heart', 'MA13_heart', 'MA14_heart', 'MA19_heart']
   - Embedding index: ['MA8_heart_RNA', 'MA9_heart_RNA', 'MA14_heart_RNA', 'MA6_heart_RNA', 'MA13_heart_RNA']
   - Sample info index: ['MA8_heart_RNA', 'MA9_heart_RNA', 'MA14_heart_RNA', 'MA6_heart_RNA', 'MA13_heart_RNA']
   - Sample info sample_id_norm: ['ma8_heart', 'ma9_heart', 'ma14_heart', 'ma6_heart', 'ma13_heart']

3. Checking for duplicate indices:
   - Metadata duplicates: 1
     Duplicate samples in metadata: [nan]
   - Embedding duplicates: 0
   - Sample info duplicates: 0

4. Creating sample mapping:
   - Found 44 embedding samples with matching metadata
   - Matched 22 unique metadata samples

5. Example matches (first 5):
   Metadata: MA8_heart → Embedding: MA8_heart_RNA
   Metadata: MA9_heart → Embedding: MA9_heart_RNA
   Metadata: MA14_heart → Embedding: MA14_heart_RNA
   Metadata: MA6_heart → Embedding: MA6_heart_RNA
   Metadata: MA13_heart → Embedding: MA13_heart_RNA

6. Final intersection:
   - Embedding samples that match metadata: 44

7. Aligned datasets:
   - Total aligned samples: 44
   - Unique metadata samples used: 22
   - First 5 aligned sample names: ['MA8_heart_RNA', 'MA9_heart_RNA', 'MA14_heart_RNA', 'MA6_heart_RNA', 'MA13_heart_RNA']

Note: 3 metadata samples have no corresponding embedding data
============================================================

Aligned data: 44 samples, 10 dimensions

1. Computing paired sample distances...

2. Computing modality mixing (iLISI, ASW)...

3. Computing disease state preservation...

4. Running permutation tests...
   - Paired distance permutation test...
   - Modality mixing permutation test...
   - Disease state preservation permutation test...

5. Creating visualizations...
   - Modality plot: /dcs07/hongkai/data/harry/result/test/test_run_multiomics/heart/Benchmark_result/scPoli/visualizations/scPoli_by_modality.png
   - Disease state plot: /dcs07/hongkai/data/harry/result/test/test_run_multiomics/heart/Benchmark_result/scPoli/visualizations/scPoli_by_disease_state.png
   - Paired connections plot: /dcs07/hongkai/data/harry/result/test/test_run_multiomics/heart/Benchmark_result/scPoli/visualizations/scPoli_paired_connections.png

============================================================
Multimodal Integration Evaluation: scPoli
============================================================

Total samples: 44
Embedding dimensions: 10
Permutations: 1000

--- KEY METRICS ---

1. Mean Paired Distance (lower = better)
   Value: 1.3386
   P-value: 1.00e+00

2. ASW Modality (higher = better)
   Value: 0.2961
   P-value: 1.00e+00

3. Disease State Preservation Score (higher = better)
   Value: 1.0769
   P-value: 7.00e-03

--- ADDITIONAL DETAILS ---

Paired Sample Distance:
  Number of pairs: 22
  Std paired distance:  0.0491
  Median paired distance: 1.3367

Modality Mixing:
  Modalities: ['ATAC', 'RNA']
  iLISI mean:       1.0000
  iLISI normalized: 0.5000
  iLISI P-value:    1.00e+00

Disease State Preservation:
  Number of disease states: 3
  Disease states: ['acute myocardial infarction', 'cardiomyopathy', 'normal']
  Mean within-disease_state distance:  1.0574
  Mean between-disease_state distance: 1.1387

============================================================
Results saved to: /dcs07/hongkai/data/harry/result/test/test_run_multiomics/heart/Benchmark_result/scPoli
============================================================

Updated summary CSV: /dcs07/hongkai/data/harry/result/test/test_run_multiomics/heart/Benchmark_result/summary.csv with column 'scPoli'
[02:40:59]   evaluating SD_v2_tuned ← /dcs07/hongkai/data/harry/result/test/test_run_multiomics/heart/sampledisco_tuned_v2/sample_embedding/sample_embedding.csv

============================================================
Evaluating method: SD_v2_tuned
============================================================
Loading metadata from: /dcs07/hongkai/data/harry/result/multi_omics_heart/data/multi_omics_heart_sample_meta.csv
Loading embedding from: /dcs07/hongkai/data/harry/result/test/test_run_multiomics/heart/sampledisco_tuned_v2/sample_embedding/sample_embedding.csv
Inferring modality from sample names (case insensitive)...
Modality distribution: {'ATAC': np.int64(22), 'RNA': np.int64(22)}

============================================================
DEBUG: align_data() function
============================================================

1. Input sizes:
   - Metadata: 25 samples
   - Embedding: 44 samples
   - Sample info: 44 samples

2. Sample name examples (first 5):
   - Metadata index: ['MA10_heart', 'MA11_heart', 'MA13_heart', 'MA14_heart', 'MA19_heart']
   - Embedding index: ['MA10_heart_ATAC', 'MA10_heart_RNA', 'MA11_heart_ATAC', 'MA11_heart_RNA', 'MA13_heart_ATAC']
   - Sample info index: ['MA10_heart_ATAC', 'MA10_heart_RNA', 'MA11_heart_ATAC', 'MA11_heart_RNA', 'MA13_heart_ATAC']
   - Sample info sample_id_norm: ['ma10_heart', 'ma10_heart', 'ma11_heart', 'ma11_heart', 'ma13_heart']

3. Checking for duplicate indices:
   - Metadata duplicates: 1
     Duplicate samples in metadata: [nan]
   - Embedding duplicates: 0
   - Sample info duplicates: 0

4. Creating sample mapping:
   - Found 44 embedding samples with matching metadata
   - Matched 22 unique metadata samples

5. Example matches (first 5):
   Metadata: MA10_heart → Embedding: MA10_heart_ATAC
   Metadata: MA10_heart → Embedding: MA10_heart_RNA
   Metadata: MA11_heart → Embedding: MA11_heart_ATAC
   Metadata: MA11_heart → Embedding: MA11_heart_RNA
   Metadata: MA13_heart → Embedding: MA13_heart_ATAC

6. Final intersection:
   - Embedding samples that match metadata: 44

7. Aligned datasets:
   - Total aligned samples: 44
   - Unique metadata samples used: 22
   - First 5 aligned sample names: ['MA10_heart_ATAC', 'MA10_heart_RNA', 'MA11_heart_ATAC', 'MA11_heart_RNA', 'MA13_heart_ATAC']

Note: 3 metadata samples have no corresponding embedding data
============================================================

Aligned data: 44 samples, 10 dimensions

1. Computing paired sample distances...

2. Computing modality mixing (iLISI, ASW)...

3. Computing disease state preservation...

4. Running permutation tests...
   - Paired distance permutation test...
   - Modality mixing permutation test...
   - Disease state preservation permutation test...

5. Creating visualizations...
   - Modality plot: /dcs07/hongkai/data/harry/result/test/test_run_multiomics/heart/Benchmark_result/SD_v2_tuned/visualizations/SD_v2_tuned_by_modality.png
   - Disease state plot: /dcs07/hongkai/data/harry/result/test/test_run_multiomics/heart/Benchmark_result/SD_v2_tuned/visualizations/SD_v2_tuned_by_disease_state.png
   - Paired connections plot: /dcs07/hongkai/data/harry/result/test/test_run_multiomics/heart/Benchmark_result/SD_v2_tuned/visualizations/SD_v2_tuned_paired_connections.png

============================================================
Multimodal Integration Evaluation: SD_v2_tuned
============================================================

Total samples: 44
Embedding dimensions: 10
Permutations: 1000

--- KEY METRICS ---

1. Mean Paired Distance (lower = better)
   Value: 15.4455
   P-value: 1.00e+00

2. ASW Modality (higher = better)
   Value: 0.5013
   P-value: 4.52e-01

3. Disease State Preservation Score (higher = better)
   Value: 1.1623
   P-value: 0.00e+00

--- ADDITIONAL DETAILS ---

Paired Sample Distance:
  Number of pairs: 22
  Std paired distance:  7.3390
  Median paired distance: 14.0573

Modality Mixing:
  Modalities: ['ATAC', 'RNA']
  iLISI mean:       1.8834
  iLISI normalized: 0.9417
  iLISI P-value:    8.28e-01

Disease State Preservation:
  Number of disease states: 3
  Disease states: ['acute myocardial infarction', 'cardiomyopathy', 'normal']
  Mean within-disease_state distance:  12.1705
  Mean between-disease_state distance: 14.1457

============================================================
Results saved to: /dcs07/hongkai/data/harry/result/test/test_run_multiomics/heart/Benchmark_result/SD_v2_tuned
============================================================

Updated summary CSV: /dcs07/hongkai/data/harry/result/test/test_run_multiomics/heart/Benchmark_result/summary.csv with column 'SD_v2_tuned'
[02:41:03]   evaluating SD_v2_default ← /dcs07/hongkai/data/harry/result/test/test_run_multiomics/heart/sampledisco_default_v2/sample_embedding/sample_embedding.csv

============================================================
Evaluating method: SD_v2_default
============================================================
Loading metadata from: /dcs07/hongkai/data/harry/result/multi_omics_heart/data/multi_omics_heart_sample_meta.csv
Loading embedding from: /dcs07/hongkai/data/harry/result/test/test_run_multiomics/heart/sampledisco_default_v2/sample_embedding/sample_embedding.csv
Inferring modality from sample names (case insensitive)...
Modality distribution: {'ATAC': np.int64(22), 'RNA': np.int64(22)}

============================================================
DEBUG: align_data() function
============================================================

1. Input sizes:
   - Metadata: 25 samples
   - Embedding: 44 samples
   - Sample info: 44 samples

2. Sample name examples (first 5):
   - Metadata index: ['MA10_heart', 'MA11_heart', 'MA13_heart', 'MA14_heart', 'MA19_heart']
   - Embedding index: ['MA10_heart_ATAC', 'MA10_heart_RNA', 'MA11_heart_ATAC', 'MA11_heart_RNA', 'MA13_heart_ATAC']
   - Sample info index: ['MA10_heart_ATAC', 'MA10_heart_RNA', 'MA11_heart_ATAC', 'MA11_heart_RNA', 'MA13_heart_ATAC']
   - Sample info sample_id_norm: ['ma10_heart', 'ma10_heart', 'ma11_heart', 'ma11_heart', 'ma13_heart']

3. Checking for duplicate indices:
   - Metadata duplicates: 1
     Duplicate samples in metadata: [nan]
   - Embedding duplicates: 0
   - Sample info duplicates: 0

4. Creating sample mapping:
   - Found 44 embedding samples with matching metadata
   - Matched 22 unique metadata samples

5. Example matches (first 5):
   Metadata: MA10_heart → Embedding: MA10_heart_ATAC
   Metadata: MA10_heart → Embedding: MA10_heart_RNA
   Metadata: MA11_heart → Embedding: MA11_heart_ATAC
   Metadata: MA11_heart → Embedding: MA11_heart_RNA
   Metadata: MA13_heart → Embedding: MA13_heart_ATAC

6. Final intersection:
   - Embedding samples that match metadata: 44

7. Aligned datasets:
   - Total aligned samples: 44
   - Unique metadata samples used: 22
   - First 5 aligned sample names: ['MA10_heart_ATAC', 'MA10_heart_RNA', 'MA11_heart_ATAC', 'MA11_heart_RNA', 'MA13_heart_ATAC']

Note: 3 metadata samples have no corresponding embedding data
============================================================

Aligned data: 44 samples, 10 dimensions

1. Computing paired sample distances...

2. Computing modality mixing (iLISI, ASW)...

3. Computing disease state preservation...

4. Running permutation tests...
   - Paired distance permutation test...
   - Modality mixing permutation test...
   - Disease state preservation permutation test...

5. Creating visualizations...
   - Modality plot: /dcs07/hongkai/data/harry/result/test/test_run_multiomics/heart/Benchmark_result/SD_v2_default/visualizations/SD_v2_default_by_modality.png
   - Disease state plot: /dcs07/hongkai/data/harry/result/test/test_run_multiomics/heart/Benchmark_result/SD_v2_default/visualizations/SD_v2_default_by_disease_state.png
   - Paired connections plot: /dcs07/hongkai/data/harry/result/test/test_run_multiomics/heart/Benchmark_result/SD_v2_default/visualizations/SD_v2_default_paired_connections.png

============================================================
Multimodal Integration Evaluation: SD_v2_default
============================================================

Total samples: 44
Embedding dimensions: 10
Permutations: 1000

--- KEY METRICS ---

1. Mean Paired Distance (lower = better)
   Value: 3.5510
   P-value: 0.00e+00

2. ASW Modality (higher = better)
   Value: 0.5131
   P-value: 1.00e-03

3. Disease State Preservation Score (higher = better)
   Value: 1.2744
   P-value: 0.00e+00

--- ADDITIONAL DETAILS ---

Paired Sample Distance:
  Number of pairs: 22
  Std paired distance:  1.3106
  Median paired distance: 3.4256

Modality Mixing:
  Modalities: ['ATAC', 'RNA']
  iLISI mean:       1.9553
  iLISI normalized: 0.9776
  iLISI P-value:    7.30e-02

Disease State Preservation:
  Number of disease states: 3
  Disease states: ['acute myocardial infarction', 'cardiomyopathy', 'normal']
  Mean within-disease_state distance:  6.0246
  Mean between-disease_state distance: 7.6778

============================================================
Results saved to: /dcs07/hongkai/data/harry/result/test/test_run_multiomics/heart/Benchmark_result/SD_v2_default
============================================================

Updated summary CSV: /dcs07/hongkai/data/harry/result/test/test_run_multiomics/heart/Benchmark_result/summary.csv with column 'SD_v2_default'
[02:41:09]   summary at: /dcs07/hongkai/data/harry/result/test/test_run_multiomics/heart/Benchmark_result/summary.csv
[02:41:09] HEART DONE
