/users/hjiang/.conda/envs/hongkai/lib/python3.10/site-packages/louvain/__init__.py:54: UserWarning: pkg_resources is deprecated as an API. See https://setuptools.pypa.io/en/latest/pkg_resources.html. The pkg_resources package is slated for removal as early as 2025-11-30. Refrain from using this package or pin to Setuptools<81.
  from pkg_resources import get_distribution, DistributionNotFound
[tscan] loading /dcs07/hongkai/data/harry/result/multi_omics_unpaired_paper/multiomics/pseudobulk/pseudobulk_sample.h5ad
[tscan] shape=(431, 2000)  uns keys=['X_DR_expression', 'X_DR_expression_variance', 'X_DR_expression_variance_ratio', 'X_DR_proportion', 'X_DR_proportion_variance_ratio', 'X_pca_expression_method', 'cell_proportions', 'pca_proportion_variance_ratio']

==============================================================================
[tscan] embedding=X_DR_expression → /dcs07/hongkai/data/harry/result/multi_omics_unpaired_paper/multiomics/trajectory/expression
==============================================================================
Starting TSCAN analysis:
  Samples: 431
  Genes: 2000
  N clusters: auto (BIC)
  Embedding key: X_DR_expression
Determining optimal cluster number using BIC...
  Optimal clusters by BIC: 4
GMM clustering complete:
  Clusters: 4
    cluster_1: 23 samples
    cluster_2: 93 samples
    cluster_3: 66 samples
    cluster_4: 249 samples
Computed pairwise euclidean distances among 4 cluster centroids
MST construction complete with shape: (4, 4)
Principal path found: 4 clusters, 431 total samples
Path: cluster_1 -> cluster_4 -> cluster_2 -> cluster_3
Using random endpoint as origin: cluster_1
Found 0 branching paths
Projection complete for 431 samples
Sample ordering complete: 431 samples
Cluster plot saved to /dcs07/hongkai/data/harry/result/multi_omics_unpaired_paper/multiomics/trajectory/expression/TSCAN/clusters_by_cluster.png
Plotted 431 samples across 4 clusters
Cluster plot saved as: /dcs07/hongkai/data/harry/result/multi_omics_unpaired_paper/multiomics/trajectory/expression/TSCAN/clusters_by_cluster_X_DR_expression.png
Grouping plot saved to /dcs07/hongkai/data/harry/result/multi_omics_unpaired_paper/multiomics/trajectory/expression/TSCAN/clusters_by_grouping.png
Grouping plot saved as: /dcs07/hongkai/data/harry/result/multi_omics_unpaired_paper/multiomics/trajectory/expression/TSCAN/clusters_by_grouping_X_DR_expression.png
Pseudotime data saved: /dcs07/hongkai/data/harry/result/multi_omics_unpaired_paper/multiomics/trajectory/expression/TSCAN/X_DR_expression_pseudotime.csv
  Total samples in CSV: 431

TSCAN analysis completed successfully!
  Main path: 431 samples across 4 clusters
  Total samples processed: 431
  Results saved to: /dcs07/hongkai/data/harry/result/multi_omics_unpaired_paper/multiomics/trajectory/expression/TSCAN
[tscan] X_DR_expression: 6.45s

==============================================================================
[tscan] embedding=X_DR_proportion → /dcs07/hongkai/data/harry/result/multi_omics_unpaired_paper/multiomics/trajectory/proportion
==============================================================================
Starting TSCAN analysis:
  Samples: 431
  Genes: 2000
  N clusters: auto (BIC)
  Embedding key: X_DR_proportion
Determining optimal cluster number using BIC...
  Optimal clusters by BIC: 3
GMM clustering complete:
  Clusters: 3
    cluster_1: 59 samples
    cluster_2: 45 samples
    cluster_3: 327 samples
Computed pairwise euclidean distances among 3 cluster centroids
MST construction complete with shape: (3, 3)
Principal path found: 3 clusters, 431 total samples
Path: cluster_1 -> cluster_3 -> cluster_2
Using random endpoint as origin: cluster_1
Found 0 branching paths
Projection complete for 431 samples
Sample ordering complete: 431 samples
Cluster plot saved to /dcs07/hongkai/data/harry/result/multi_omics_unpaired_paper/multiomics/trajectory/proportion/TSCAN/clusters_by_cluster.png
Plotted 431 samples across 3 clusters
Cluster plot saved as: /dcs07/hongkai/data/harry/result/multi_omics_unpaired_paper/multiomics/trajectory/proportion/TSCAN/clusters_by_cluster_X_DR_proportion.png
Grouping plot saved to /dcs07/hongkai/data/harry/result/multi_omics_unpaired_paper/multiomics/trajectory/proportion/TSCAN/clusters_by_grouping.png
Grouping plot saved as: /dcs07/hongkai/data/harry/result/multi_omics_unpaired_paper/multiomics/trajectory/proportion/TSCAN/clusters_by_grouping_X_DR_proportion.png
Pseudotime data saved: /dcs07/hongkai/data/harry/result/multi_omics_unpaired_paper/multiomics/trajectory/proportion/TSCAN/X_DR_proportion_pseudotime.csv
  Total samples in CSV: 431

TSCAN analysis completed successfully!
  Main path: 431 samples across 3 clusters
  Total samples processed: 431
  Results saved to: /dcs07/hongkai/data/harry/result/multi_omics_unpaired_paper/multiomics/trajectory/proportion/TSCAN
[tscan] X_DR_proportion: 3.49s

[tscan] all done.
