[01:44:19] reading obs from /dcs07/hongkai/data/harry/result/multi_omics_unpaired_test/multiomics/preprocess/atac_rna_integrated.h5ad (backed)
[01:44:29]   V2 cell_type: K_c=15; distribution:
cell_type
6     233872
3     184845
2     147485
12    128544
4      99882
13     76324
9      45713
1      12865
5      11960
10     11840
8       8962
15      8821
7       8610
11      5790
14      1961
[01:44:38] building A1 (per-(sample, modality) composition over K_c cell types, L2 normalised)
[01:44:47] 
                     version  K_c  ASW_batch  mean_PC_R2_batch  auto_w_A1  effective_w2_R2
   OLD (raw X_glue, res=0.8)    9  -0.219800            0.3194   5.773503        10.646667
V2 (X_glue_harmony, res=0.8)   15  -0.289104            0.1271   4.472136         2.542008
[01:44:47] saved /dcs07/hongkai/data/harry/result/multi_omics_unpaired_test/debug/v2/A1_compare.csv and A1_v2_batch_pca.png
